{"contracts/examples/ExampleComputeLiquidityValue.sol":{"l":{"11":0,"21":0,"39":0,"58":0,"78":0,"79":0,"87":0,"88":0},"path":"/home/prexis/Development/dexbr-contracts/periphery/contracts/examples/ExampleComputeLiquidityValue.sol","s":{"1":0,"2":0,"3":0,"4":0,"5":0,"6":0,"7":0,"8":0},"b":{},"f":{"1":0,"2":0,"3":0,"4":0,"5":0},"fnMap":{"1":{"name":"constructor","line":10,"loc":{"start":{"line":10,"column":4},"end":{"line":12,"column":4}}},"2":{"name":"getReservesAfterArbitrage","line":15,"loc":{"start":{"line":15,"column":4},"end":{"line":28,"column":4}}},"3":{"name":"getLiquidityValue","line":31,"loc":{"start":{"line":31,"column":4},"end":{"line":45,"column":4}}},"4":{"name":"getLiquidityValueAfterArbitrageToPrice","line":48,"loc":{"start":{"line":48,"column":4},"end":{"line":66,"column":4}}},"5":{"name":"getGasCostOfGetLiquidityValueAfterArbitrageToPrice","line":69,"loc":{"start":{"line":69,"column":4},"end":{"line":89,"column":4}}}},"statementMap":{"1":{"start":{"line":11,"column":8},"end":{"line":11,"column":25}},"2":{"start":{"line":21,"column":8},"end":{"line":21,"column":578}},"3":{"start":{"line":39,"column":8},"end":{"line":39,"column":1054}},"4":{"start":{"line":58,"column":8},"end":{"line":58,"column":1601}},"5":{"start":{"line":78,"column":8},"end":{"line":78,"column":34}},"6":{"start":{"line":79,"column":8},"end":{"line":79,"column":2218}},"7":{"start":{"line":87,"column":8},"end":{"line":87,"column":33}},"8":{"start":{"line":88,"column":8},"end":{"line":88,"column":35}}},"branchMap":{}},"contracts/examples/ExampleFlashSwap.sol":{"l":{"18":0,"19":0,"20":0,"29":0,"30":0,"31":0,"32":0,"33":0,"34":0,"35":0,"36":0,"37":0,"38":0,"39":0,"40":0,"43":0,"44":0,"45":0,"47":0,"48":0,"49":0,"50":0,"51":0,"52":0,"53":0,"54":0,"55":0,"56":0,"58":0,"59":0,"60":0,"61":0,"62":0,"63":0,"64":0},"path":"/home/prexis/Development/dexbr-contracts/periphery/contracts/examples/ExampleFlashSwap.sol","s":{"1":0,"2":0,"3":0,"4":0,"5":0,"6":0,"7":0,"8":0,"9":0,"10":0,"11":0,"12":0,"13":0,"14":0,"15":0,"16":0,"17":0,"18":0,"19":0,"20":0,"21":0,"22":0,"23":0,"24":0,"25":0,"26":0,"27":0,"28":0,"29":0,"30":0,"31":0,"32":0,"33":0,"34":0},"b":{"1":[0,0]},"f":{"1":0,"2":0},"fnMap":{"1":{"name":"constructor","line":17,"loc":{"start":{"line":17,"column":4},"end":{"line":21,"column":4}}},"2":{"name":"uniswapV2Call","line":28,"loc":{"start":{"line":28,"column":4},"end":{"line":66,"column":4}}}},"statementMap":{"1":{"start":{"line":18,"column":8},"end":{"line":18,"column":48}},"2":{"start":{"line":19,"column":8},"end":{"line":19,"column":25}},"3":{"start":{"line":20,"column":8},"end":{"line":20,"column":54}},"4":{"start":{"line":29,"column":8},"end":{"line":29,"column":48}},"5":{"start":{"line":30,"column":8},"end":{"line":30,"column":24}},"6":{"start":{"line":31,"column":8},"end":{"line":31,"column":22}},"7":{"start":{"line":33,"column":8},"end":{"line":33,"column":60}},"8":{"start":{"line":34,"column":8},"end":{"line":34,"column":60}},"9":{"start":{"line":35,"column":8},"end":{"line":35,"column":78}},"10":{"start":{"line":36,"column":8},"end":{"line":36,"column":43}},"11":{"start":{"line":37,"column":8},"end":{"line":37,"column":47}},"12":{"start":{"line":38,"column":8},"end":{"line":38,"column":47}},"13":{"start":{"line":39,"column":8},"end":{"line":39,"column":64}},"14":{"start":{"line":40,"column":8},"end":{"line":40,"column":62}},"15":{"start":{"line":43,"column":8},"end":{"line":43,"column":67}},"16":{"start":{"line":44,"column":8},"end":{"line":44,"column":75}},"17":{"start":{"line":45,"column":8},"end":{"line":45,"column":97}},"18":{"start":{"line":47,"column":8},"end":{"line":47,"column":2258}},"19":{"start":{"line":48,"column":12},"end":{"line":48,"column":52}},"20":{"start":{"line":49,"column":12},"end":{"line":49,"column":58}},"21":{"start":{"line":50,"column":12},"end":{"line":50,"column":95}},"22":{"start":{"line":51,"column":12},"end":{"line":51,"column":94}},"23":{"start":{"line":52,"column":12},"end":{"line":52,"column":50}},"24":{"start":{"line":53,"column":12},"end":{"line":53,"column":48}},"25":{"start":{"line":54,"column":12},"end":{"line":54,"column":60}},"26":{"start":{"line":55,"column":12},"end":{"line":55,"column":95}},"27":{"start":{"line":56,"column":12},"end":{"line":56,"column":26}},"28":{"start":{"line":58,"column":12},"end":{"line":58,"column":55}},"29":{"start":{"line":59,"column":12},"end":{"line":59,"column":35}},"30":{"start":{"line":60,"column":12},"end":{"line":60,"column":103}},"31":{"start":{"line":61,"column":12},"end":{"line":61,"column":92}},"32":{"start":{"line":62,"column":12},"end":{"line":62,"column":50}},"33":{"start":{"line":63,"column":12},"end":{"line":63,"column":61}},"34":{"start":{"line":64,"column":12},"end":{"line":64,"column":74}}},"branchMap":{"1":{"line":47,"type":"if","locations":[{"start":{"line":47,"column":8},"end":{"line":47,"column":8}},{"start":{"line":47,"column":8},"end":{"line":47,"column":8}}]}}},"contracts/examples/ExampleOracleSimple.sol":{"l":{"28":0,"29":0,"30":0,"31":0,"32":0,"33":0,"34":0,"35":0,"36":0,"37":0,"41":0,"43":0,"46":0,"50":0,"51":0,"53":0,"54":0,"55":0,"60":0,"61":0,"63":0,"64":0},"path":"/home/prexis/Development/dexbr-contracts/periphery/contracts/examples/ExampleOracleSimple.sol","s":{"1":0,"2":0,"3":0,"4":0,"5":0,"6":0,"7":0,"8":0,"9":0,"10":0,"11":0,"12":0,"13":0,"14":0,"15":0,"16":0,"17":0,"18":0,"19":0,"20":0,"21":0,"22":0},"b":{"1":[0,0],"2":[0,0],"3":[0,0],"4":[0,0]},"f":{"1":0,"2":0,"3":0},"fnMap":{"1":{"name":"constructor","line":27,"loc":{"start":{"line":27,"column":4},"end":{"line":38,"column":4}}},"2":{"name":"update","line":40,"loc":{"start":{"line":40,"column":4},"end":{"line":56,"column":4}}},"3":{"name":"consult","line":59,"loc":{"start":{"line":59,"column":4},"end":{"line":66,"column":4}}}},"statementMap":{"1":{"start":{"line":28,"column":8},"end":{"line":28,"column":96}},"2":{"start":{"line":29,"column":8},"end":{"line":29,"column":19}},"3":{"start":{"line":30,"column":8},"end":{"line":30,"column":30}},"4":{"start":{"line":31,"column":8},"end":{"line":31,"column":30}},"5":{"start":{"line":32,"column":8},"end":{"line":32,"column":58}},"6":{"start":{"line":33,"column":8},"end":{"line":33,"column":58}},"7":{"start":{"line":34,"column":8},"end":{"line":34,"column":24}},"8":{"start":{"line":35,"column":8},"end":{"line":35,"column":24}},"9":{"start":{"line":36,"column":8},"end":{"line":36,"column":69}},"10":{"start":{"line":37,"column":8},"end":{"line":37,"column":82}},"11":{"start":{"line":41,"column":8},"end":{"line":41,"column":1814}},"12":{"start":{"line":43,"column":8},"end":{"line":43,"column":64}},"13":{"start":{"line":46,"column":8},"end":{"line":46,"column":80}},"14":{"start":{"line":50,"column":8},"end":{"line":50,"column":109}},"15":{"start":{"line":51,"column":8},"end":{"line":51,"column":109}},"16":{"start":{"line":53,"column":8},"end":{"line":53,"column":46}},"17":{"start":{"line":54,"column":8},"end":{"line":54,"column":46}},"18":{"start":{"line":55,"column":8},"end":{"line":55,"column":42}},"19":{"start":{"line":60,"column":8},"end":{"line":60,"column":2903}},"20":{"start":{"line":61,"column":12},"end":{"line":61,"column":62}},"21":{"start":{"line":63,"column":12},"end":{"line":63,"column":73}},"22":{"start":{"line":64,"column":12},"end":{"line":64,"column":62}}},"branchMap":{"1":{"line":37,"type":"if","locations":[{"start":{"line":37,"column":8},"end":{"line":37,"column":8}},{"start":{"line":37,"column":8},"end":{"line":37,"column":8}}]},"2":{"line":46,"type":"if","locations":[{"start":{"line":46,"column":8},"end":{"line":46,"column":8}},{"start":{"line":46,"column":8},"end":{"line":46,"column":8}}]},"3":{"line":60,"type":"if","locations":[{"start":{"line":60,"column":8},"end":{"line":60,"column":8}},{"start":{"line":60,"column":8},"end":{"line":60,"column":8}}]},"4":{"line":63,"type":"if","locations":[{"start":{"line":63,"column":12},"end":{"line":63,"column":12}},{"start":{"line":63,"column":12},"end":{"line":63,"column":12}}]}}},"contracts/examples/ExampleSlidingWindowOracle.sol":{"l":{"43":0,"44":0,"48":0,"49":0,"50":0,"55":0,"56":0,"61":0,"63":0,"64":0,"70":0,"73":0,"74":0,"78":0,"79":0,"82":0,"83":0,"84":0,"85":0,"86":0,"87":0,"98":0,"101":0,"108":0,"109":0,"111":0,"112":0,"114":0,"116":0,"117":0,"119":0,"120":0,"122":0},"path":"/home/prexis/Development/dexbr-contracts/periphery/contracts/examples/ExampleSlidingWindowOracle.sol","s":{"1":0,"2":0,"3":0,"4":0,"5":0,"6":0,"7":0,"8":0,"9":0,"10":0,"11":0,"12":0,"13":0,"14":0,"15":0,"16":0,"17":0,"18":0,"19":0,"20":0,"21":0,"22":0,"23":0,"24":0,"25":0,"26":0,"27":0,"28":0,"29":0,"30":0,"31":0,"32":0,"33":0},"b":{"1":[0,0],"2":[0,0],"3":[0,0],"4":[0,0],"5":[0,0],"6":[0,0]},"f":{"1":0,"2":0,"3":0,"4":0,"5":0,"6":0},"fnMap":{"1":{"name":"constructor","line":42,"loc":{"start":{"line":42,"column":4},"end":{"line":51,"column":4}}},"2":{"name":"observationIndexOf","line":54,"loc":{"start":{"line":54,"column":4},"end":{"line":57,"column":4}}},"3":{"name":"getFirstObservationInWindow","line":60,"loc":{"start":{"line":60,"column":4},"end":{"line":65,"column":4}}},"4":{"name":"update","line":69,"loc":{"start":{"line":69,"column":4},"end":{"line":89,"column":4}}},"5":{"name":"computeAmountOut","line":93,"loc":{"start":{"line":93,"column":4},"end":{"line":102,"column":4}}},"6":{"name":"consult","line":107,"loc":{"start":{"line":107,"column":4},"end":{"line":124,"column":4}}}},"statementMap":{"1":{"start":{"line":43,"column":8},"end":{"line":43,"column":68}},"2":{"start":{"line":44,"column":8},"end":{"line":44,"column":2134}},"3":{"start":{"line":48,"column":8},"end":{"line":48,"column":25}},"4":{"start":{"line":49,"column":8},"end":{"line":49,"column":31}},"5":{"start":{"line":50,"column":8},"end":{"line":50,"column":33}},"6":{"start":{"line":55,"column":8},"end":{"line":55,"column":49}},"7":{"start":{"line":56,"column":8},"end":{"line":56,"column":47}},"8":{"start":{"line":61,"column":8},"end":{"line":61,"column":68}},"9":{"start":{"line":63,"column":8},"end":{"line":63,"column":74}},"10":{"start":{"line":64,"column":8},"end":{"line":64,"column":71}},"11":{"start":{"line":70,"column":8},"end":{"line":70,"column":72}},"12":{"start":{"line":73,"column":8},"end":{"line":73,"column":3590}},"13":{"start":{"line":74,"column":12},"end":{"line":74,"column":40}},"14":{"start":{"line":78,"column":8},"end":{"line":78,"column":68}},"15":{"start":{"line":79,"column":8},"end":{"line":79,"column":82}},"16":{"start":{"line":82,"column":8},"end":{"line":82,"column":66}},"17":{"start":{"line":83,"column":8},"end":{"line":83,"column":4088}},"18":{"start":{"line":84,"column":12},"end":{"line":84,"column":114}},"19":{"start":{"line":85,"column":12},"end":{"line":85,"column":50}},"20":{"start":{"line":86,"column":12},"end":{"line":86,"column":58}},"21":{"start":{"line":87,"column":12},"end":{"line":87,"column":58}},"22":{"start":{"line":98,"column":8},"end":{"line":98,"column":4840}},"23":{"start":{"line":101,"column":8},"end":{"line":101,"column":57}},"24":{"start":{"line":108,"column":8},"end":{"line":108,"column":75}},"25":{"start":{"line":109,"column":8},"end":{"line":109,"column":80}},"26":{"start":{"line":111,"column":8},"end":{"line":111,"column":71}},"27":{"start":{"line":112,"column":8},"end":{"line":112,"column":96}},"28":{"start":{"line":114,"column":8},"end":{"line":114,"column":106}},"29":{"start":{"line":116,"column":8},"end":{"line":116,"column":110}},"30":{"start":{"line":117,"column":8},"end":{"line":117,"column":74}},"31":{"start":{"line":119,"column":8},"end":{"line":119,"column":6127}},"32":{"start":{"line":120,"column":12},"end":{"line":120,"column":111}},"33":{"start":{"line":122,"column":12},"end":{"line":122,"column":111}}},"branchMap":{"1":{"line":43,"type":"if","locations":[{"start":{"line":43,"column":8},"end":{"line":43,"column":8}},{"start":{"line":43,"column":8},"end":{"line":43,"column":8}}]},"2":{"line":44,"type":"if","locations":[{"start":{"line":44,"column":8},"end":{"line":44,"column":8}},{"start":{"line":44,"column":8},"end":{"line":44,"column":8}}]},"3":{"line":83,"type":"if","locations":[{"start":{"line":83,"column":8},"end":{"line":83,"column":8}},{"start":{"line":83,"column":8},"end":{"line":83,"column":8}}]},"4":{"line":112,"type":"if","locations":[{"start":{"line":112,"column":8},"end":{"line":112,"column":8}},{"start":{"line":112,"column":8},"end":{"line":112,"column":8}}]},"5":{"line":114,"type":"if","locations":[{"start":{"line":114,"column":8},"end":{"line":114,"column":8}},{"start":{"line":114,"column":8},"end":{"line":114,"column":8}}]},"6":{"line":119,"type":"if","locations":[{"start":{"line":119,"column":8},"end":{"line":119,"column":8}},{"start":{"line":119,"column":8},"end":{"line":119,"column":8}}]}}},"contracts/examples/ExampleSwapToPrice.sol":{"l":{"20":0,"21":0,"38":0,"40":0,"42":0,"43":0,"44":0,"45":0,"46":0,"52":0,"55":0,"56":0,"57":0,"60":0,"61":0,"62":0,"63":0,"65":0,"66":0,"67":0,"69":0},"path":"/home/prexis/Development/dexbr-contracts/periphery/contracts/examples/ExampleSwapToPrice.sol","s":{"1":0,"2":0,"3":0,"4":0,"5":0,"6":0,"7":0,"8":0,"9":0,"10":0,"11":0,"12":0,"13":0,"14":0,"15":0,"16":0,"17":0,"18":0,"19":0,"20":0},"b":{"1":[0,0],"2":[0,0],"3":[0,0],"4":[0,0]},"f":{"1":0,"2":0},"fnMap":{"1":{"name":"constructor","line":19,"loc":{"start":{"line":19,"column":4},"end":{"line":22,"column":4}}},"2":{"name":"swapToPrice","line":27,"loc":{"start":{"line":27,"column":4},"end":{"line":76,"column":4}}}},"statementMap":{"1":{"start":{"line":20,"column":8},"end":{"line":20,"column":25}},"2":{"start":{"line":21,"column":8},"end":{"line":21,"column":23}},"3":{"start":{"line":38,"column":8},"end":{"line":38,"column":94}},"4":{"start":{"line":40,"column":8},"end":{"line":40,"column":92}},"5":{"start":{"line":42,"column":8},"end":{"line":42,"column":17}},"6":{"start":{"line":43,"column":8},"end":{"line":43,"column":24}},"7":{"start":{"line":45,"column":12},"end":{"line":45,"column":104}},"8":{"start":{"line":46,"column":12},"end":{"line":46,"column":1802}},"9":{"start":{"line":52,"column":8},"end":{"line":52,"column":66}},"10":{"start":{"line":55,"column":8},"end":{"line":55,"column":65}},"11":{"start":{"line":56,"column":8},"end":{"line":56,"column":2186}},"12":{"start":{"line":57,"column":12},"end":{"line":57,"column":30}},"13":{"start":{"line":60,"column":8},"end":{"line":60,"column":48}},"14":{"start":{"line":61,"column":8},"end":{"line":61,"column":49}},"15":{"start":{"line":62,"column":8},"end":{"line":62,"column":84}},"16":{"start":{"line":63,"column":8},"end":{"line":63,"column":69}},"17":{"start":{"line":65,"column":8},"end":{"line":65,"column":48}},"18":{"start":{"line":66,"column":8},"end":{"line":66,"column":24}},"19":{"start":{"line":67,"column":8},"end":{"line":67,"column":25}},"20":{"start":{"line":69,"column":8},"end":{"line":69,"column":2632}}},"branchMap":{"1":{"line":38,"type":"if","locations":[{"start":{"line":38,"column":8},"end":{"line":38,"column":8}},{"start":{"line":38,"column":8},"end":{"line":38,"column":8}}]},"2":{"line":40,"type":"if","locations":[{"start":{"line":40,"column":8},"end":{"line":40,"column":8}},{"start":{"line":40,"column":8},"end":{"line":40,"column":8}}]},"3":{"line":52,"type":"if","locations":[{"start":{"line":52,"column":8},"end":{"line":52,"column":8}},{"start":{"line":52,"column":8},"end":{"line":52,"column":8}}]},"4":{"line":56,"type":"if","locations":[{"start":{"line":56,"column":8},"end":{"line":56,"column":8}},{"start":{"line":56,"column":8},"end":{"line":56,"column":8}}]}}},"contracts/interfaces/IERC20.sol":{"l":{},"path":"/home/prexis/Development/dexbr-contracts/periphery/contracts/interfaces/IERC20.sol","s":{},"b":{},"f":{},"fnMap":{},"statementMap":{},"branchMap":{}},"contracts/interfaces/IUniswapV2Migrator.sol":{"l":{},"path":"/home/prexis/Development/dexbr-contracts/periphery/contracts/interfaces/IUniswapV2Migrator.sol","s":{},"b":{},"f":{},"fnMap":{},"statementMap":{},"branchMap":{}},"contracts/interfaces/IUniswapV2Router01.sol":{"l":{},"path":"/home/prexis/Development/dexbr-contracts/periphery/contracts/interfaces/IUniswapV2Router01.sol","s":{},"b":{},"f":{},"fnMap":{},"statementMap":{},"branchMap":{}},"contracts/interfaces/IUniswapV2Router02.sol":{"l":{},"path":"/home/prexis/Development/dexbr-contracts/periphery/contracts/interfaces/IUniswapV2Router02.sol","s":{},"b":{},"f":{},"fnMap":{},"statementMap":{},"branchMap":{}},"contracts/interfaces/IWETH.sol":{"l":{},"path":"/home/prexis/Development/dexbr-contracts/periphery/contracts/interfaces/IWETH.sol","s":{},"b":{},"f":{},"fnMap":{},"statementMap":{},"branchMap":{}},"contracts/interfaces/V1/IUniswapV1Exchange.sol":{"l":{},"path":"/home/prexis/Development/dexbr-contracts/periphery/contracts/interfaces/V1/IUniswapV1Exchange.sol","s":{},"b":{},"f":{},"fnMap":{},"statementMap":{},"branchMap":{}},"contracts/interfaces/V1/IUniswapV1Factory.sol":{"l":{},"path":"/home/prexis/Development/dexbr-contracts/periphery/contracts/interfaces/V1/IUniswapV1Factory.sol","s":{},"b":{},"f":{},"fnMap":{},"statementMap":{},"branchMap":{}},"contracts/libraries/SafeMath.sol":{"l":{"7":46,"11":16,"15":7},"path":"/home/prexis/Development/dexbr-contracts/periphery/contracts/libraries/SafeMath.sol","s":{"1":46,"2":16,"3":7},"b":{"1":[46,0],"2":[16,0],"3":[7,0]},"f":{"1":46,"2":16,"3":7},"fnMap":{"1":{"name":"add","line":6,"loc":{"start":{"line":6,"column":4},"end":{"line":8,"column":4}}},"2":{"name":"sub","line":10,"loc":{"start":{"line":10,"column":4},"end":{"line":12,"column":4}}},"3":{"name":"mul","line":14,"loc":{"start":{"line":14,"column":4},"end":{"line":16,"column":4}}}},"statementMap":{"1":{"start":{"line":7,"column":8},"end":{"line":7,"column":56}},"2":{"start":{"line":11,"column":8},"end":{"line":11,"column":57}},"3":{"start":{"line":15,"column":8},"end":{"line":15,"column":70}}},"branchMap":{"1":{"line":7,"type":"if","locations":[{"start":{"line":7,"column":8},"end":{"line":7,"column":8}},{"start":{"line":7,"column":8},"end":{"line":7,"column":8}}]},"2":{"line":11,"type":"if","locations":[{"start":{"line":11,"column":8},"end":{"line":11,"column":8}},{"start":{"line":11,"column":8},"end":{"line":11,"column":8}}]},"3":{"line":15,"type":"if","locations":[{"start":{"line":15,"column":8},"end":{"line":15,"column":8}},{"start":{"line":15,"column":8},"end":{"line":15,"column":8}}]}}},"contracts/libraries/UniswapV2Library.sol":{"l":{"12":29,"13":29,"14":29,"19":18,"20":18,"30":8,"31":8,"32":8,"37":7,"38":7,"39":7,"44":0,"45":0,"46":0,"47":0,"48":0,"49":0,"54":0,"55":0,"56":0,"57":0,"58":0,"63":0,"64":0,"65":0,"66":0,"67":0,"68":0,"74":0,"75":0,"76":0,"77":0,"78":0,"79":0},"path":"/home/prexis/Development/dexbr-contracts/periphery/contracts/libraries/UniswapV2Library.sol","s":{"1":29,"2":29,"3":29,"4":18,"5":18,"6":8,"7":8,"8":8,"9":7,"10":7,"11":7,"12":0,"13":0,"14":0,"15":0,"16":0,"17":0,"18":0,"19":0,"20":0,"21":0,"22":0,"23":0,"24":0,"25":0,"26":0,"27":0,"28":0,"29":0,"30":0,"31":0,"32":0,"33":0,"34":0},"b":{"1":[29,0],"2":[29,0],"3":[7,0],"4":[7,0],"5":[0,0],"6":[0,0],"7":[0,0],"8":[0,0],"9":[0,0],"10":[0,0]},"f":{"1":29,"2":18,"3":8,"4":7,"5":0,"6":0,"7":0,"8":0},"fnMap":{"1":{"name":"sortTokens","line":11,"loc":{"start":{"line":11,"column":4},"end":{"line":15,"column":4}}},"2":{"name":"pairFor","line":18,"loc":{"start":{"line":18,"column":4},"end":{"line":26,"column":4}}},"3":{"name":"getReserves","line":29,"loc":{"start":{"line":29,"column":4},"end":{"line":33,"column":4}}},"4":{"name":"quote","line":36,"loc":{"start":{"line":36,"column":4},"end":{"line":40,"column":4}}},"5":{"name":"getAmountOut","line":43,"loc":{"start":{"line":43,"column":4},"end":{"line":50,"column":4}}},"6":{"name":"getAmountIn","line":53,"loc":{"start":{"line":53,"column":4},"end":{"line":59,"column":4}}},"7":{"name":"getAmountsOut","line":62,"loc":{"start":{"line":62,"column":4},"end":{"line":70,"column":4}}},"8":{"name":"getAmountsIn","line":73,"loc":{"start":{"line":73,"column":4},"end":{"line":81,"column":4}}}},"statementMap":{"1":{"start":{"line":12,"column":8},"end":{"line":12,"column":73}},"2":{"start":{"line":13,"column":8},"end":{"line":13,"column":79}},"3":{"start":{"line":14,"column":8},"end":{"line":14,"column":70}},"4":{"start":{"line":19,"column":8},"end":{"line":19,"column":69}},"5":{"start":{"line":20,"column":8},"end":{"line":20,"column":912}},"6":{"start":{"line":30,"column":8},"end":{"line":30,"column":54}},"7":{"start":{"line":31,"column":8},"end":{"line":31,"column":104}},"8":{"start":{"line":32,"column":8},"end":{"line":32,"column":92}},"9":{"start":{"line":37,"column":8},"end":{"line":37,"column":68}},"10":{"start":{"line":38,"column":8},"end":{"line":38,"column":88}},"11":{"start":{"line":39,"column":8},"end":{"line":39,"column":49}},"12":{"start":{"line":44,"column":8},"end":{"line":44,"column":75}},"13":{"start":{"line":45,"column":8},"end":{"line":45,"column":91}},"14":{"start":{"line":46,"column":8},"end":{"line":46,"column":48}},"15":{"start":{"line":47,"column":8},"end":{"line":47,"column":56}},"16":{"start":{"line":48,"column":8},"end":{"line":48,"column":67}},"17":{"start":{"line":49,"column":8},"end":{"line":49,"column":42}},"18":{"start":{"line":54,"column":8},"end":{"line":54,"column":77}},"19":{"start":{"line":55,"column":8},"end":{"line":55,"column":91}},"20":{"start":{"line":56,"column":8},"end":{"line":56,"column":59}},"21":{"start":{"line":57,"column":8},"end":{"line":57,"column":61}},"22":{"start":{"line":58,"column":8},"end":{"line":58,"column":50}},"23":{"start":{"line":63,"column":8},"end":{"line":63,"column":66}},"24":{"start":{"line":64,"column":8},"end":{"line":64,"column":40}},"25":{"start":{"line":65,"column":8},"end":{"line":65,"column":28}},"26":{"start":{"line":66,"column":8},"end":{"line":66,"column":3629}},"27":{"start":{"line":67,"column":12},"end":{"line":67,"column":90}},"28":{"start":{"line":68,"column":12},"end":{"line":68,"column":75}},"29":{"start":{"line":74,"column":8},"end":{"line":74,"column":66}},"30":{"start":{"line":75,"column":8},"end":{"line":75,"column":40}},"31":{"start":{"line":76,"column":8},"end":{"line":76,"column":46}},"32":{"start":{"line":77,"column":8},"end":{"line":77,"column":4228}},"33":{"start":{"line":78,"column":12},"end":{"line":78,"column":90}},"34":{"start":{"line":79,"column":12},"end":{"line":79,"column":74}}},"branchMap":{"1":{"line":12,"type":"if","locations":[{"start":{"line":12,"column":8},"end":{"line":12,"column":8}},{"start":{"line":12,"column":8},"end":{"line":12,"column":8}}]},"2":{"line":14,"type":"if","locations":[{"start":{"line":14,"column":8},"end":{"line":14,"column":8}},{"start":{"line":14,"column":8},"end":{"line":14,"column":8}}]},"3":{"line":37,"type":"if","locations":[{"start":{"line":37,"column":8},"end":{"line":37,"column":8}},{"start":{"line":37,"column":8},"end":{"line":37,"column":8}}]},"4":{"line":38,"type":"if","locations":[{"start":{"line":38,"column":8},"end":{"line":38,"column":8}},{"start":{"line":38,"column":8},"end":{"line":38,"column":8}}]},"5":{"line":44,"type":"if","locations":[{"start":{"line":44,"column":8},"end":{"line":44,"column":8}},{"start":{"line":44,"column":8},"end":{"line":44,"column":8}}]},"6":{"line":45,"type":"if","locations":[{"start":{"line":45,"column":8},"end":{"line":45,"column":8}},{"start":{"line":45,"column":8},"end":{"line":45,"column":8}}]},"7":{"line":54,"type":"if","locations":[{"start":{"line":54,"column":8},"end":{"line":54,"column":8}},{"start":{"line":54,"column":8},"end":{"line":54,"column":8}}]},"8":{"line":55,"type":"if","locations":[{"start":{"line":55,"column":8},"end":{"line":55,"column":8}},{"start":{"line":55,"column":8},"end":{"line":55,"column":8}}]},"9":{"line":63,"type":"if","locations":[{"start":{"line":63,"column":8},"end":{"line":63,"column":8}},{"start":{"line":63,"column":8},"end":{"line":63,"column":8}}]},"10":{"line":74,"type":"if","locations":[{"start":{"line":74,"column":8},"end":{"line":74,"column":8}},{"start":{"line":74,"column":8},"end":{"line":74,"column":8}}]}}},"contracts/libraries/UniswapV2LiquidityMathLibrary.sol":{"l":{"23":0,"25":0,"27":0,"34":0,"36":0,"39":0,"51":0,"53":0,"56":0,"58":0,"59":0,"63":0,"64":0,"65":0,"66":0,"68":0,"69":0,"70":0,"83":0,"84":0,"85":0,"86":0,"87":0,"88":0,"89":0,"90":0,"91":0,"94":0,"106":0,"107":0,"108":0,"109":0,"110":0,"111":0,"127":0,"128":0,"129":0,"130":0,"133":0,"135":0,"137":0},"path":"/home/prexis/Development/dexbr-contracts/periphery/contracts/libraries/UniswapV2LiquidityMathLibrary.sol","s":{"1":0,"2":0,"3":0,"4":0,"5":0,"6":0,"7":0,"8":0,"9":0,"10":0,"11":0,"12":0,"13":0,"14":0,"15":0,"16":0,"17":0,"18":0,"19":0,"20":0,"21":0,"22":0,"23":0,"24":0,"25":0,"26":0,"27":0,"28":0,"29":0,"30":0,"31":0,"32":0,"33":0,"34":0,"35":0,"36":0,"37":0,"38":0,"39":0,"40":0,"41":0,"42":0},"b":{"1":[0,0],"2":[0,0],"3":[0,0],"4":[0,0],"5":[0,0],"6":[0,0],"7":[0,0]},"f":{"1":0,"2":0,"3":0,"4":0,"5":0},"fnMap":{"1":{"name":"computeProfitMaximizingTrade","line":17,"loc":{"start":{"line":17,"column":4},"end":{"line":40,"column":4}}},"2":{"name":"getReservesAfterArbitrage","line":43,"loc":{"start":{"line":43,"column":4},"end":{"line":72,"column":4}}},"3":{"name":"computeLiquidityValue","line":75,"loc":{"start":{"line":75,"column":4},"end":{"line":95,"column":4}}},"4":{"name":"getLiquidityValue","line":100,"loc":{"start":{"line":100,"column":4},"end":{"line":112,"column":4}}},"5":{"name":"getLiquidityValueAfterArbitrageToPrice","line":116,"loc":{"start":{"line":116,"column":4},"end":{"line":138,"column":4}}}},"statementMap":{"1":{"start":{"line":23,"column":8},"end":{"line":23,"column":84}},"2":{"start":{"line":25,"column":8},"end":{"line":25,"column":50}},"3":{"start":{"line":27,"column":8},"end":{"line":27,"column":1009}},"4":{"start":{"line":34,"column":8},"end":{"line":34,"column":82}},"5":{"start":{"line":36,"column":8},"end":{"line":36,"column":51}},"6":{"start":{"line":36,"column":34},"end":{"line":36,"column":51}},"7":{"start":{"line":39,"column":8},"end":{"line":39,"column":41}},"8":{"start":{"line":51,"column":8},"end":{"line":51,"column":83}},"9":{"start":{"line":53,"column":8},"end":{"line":53,"column":93}},"10":{"start":{"line":56,"column":8},"end":{"line":56,"column":122}},"11":{"start":{"line":58,"column":8},"end":{"line":58,"column":2353}},"12":{"start":{"line":59,"column":12},"end":{"line":59,"column":39}},"13":{"start":{"line":63,"column":8},"end":{"line":63,"column":2482}},"14":{"start":{"line":64,"column":12},"end":{"line":64,"column":88}},"15":{"start":{"line":65,"column":12},"end":{"line":65,"column":31}},"16":{"start":{"line":66,"column":12},"end":{"line":66,"column":32}},"17":{"start":{"line":68,"column":12},"end":{"line":68,"column":88}},"18":{"start":{"line":69,"column":12},"end":{"line":69,"column":31}},"19":{"start":{"line":70,"column":12},"end":{"line":70,"column":32}},"20":{"start":{"line":83,"column":8},"end":{"line":83,"column":3189}},"21":{"start":{"line":84,"column":12},"end":{"line":84,"column":66}},"22":{"start":{"line":85,"column":12},"end":{"line":85,"column":51}},"23":{"start":{"line":86,"column":12},"end":{"line":86,"column":3352}},"24":{"start":{"line":87,"column":16},"end":{"line":87,"column":45}},"25":{"start":{"line":88,"column":16},"end":{"line":88,"column":54}},"26":{"start":{"line":89,"column":16},"end":{"line":89,"column":62}},"27":{"start":{"line":90,"column":16},"end":{"line":90,"column":88}},"28":{"start":{"line":91,"column":16},"end":{"line":91,"column":58}},"29":{"start":{"line":94,"column":8},"end":{"line":94,"column":107}},"30":{"start":{"line":106,"column":8},"end":{"line":106,"column":102}},"31":{"start":{"line":107,"column":8},"end":{"line":107,"column":95}},"32":{"start":{"line":108,"column":8},"end":{"line":108,"column":69}},"33":{"start":{"line":109,"column":8},"end":{"line":109,"column":45}},"34":{"start":{"line":110,"column":8},"end":{"line":110,"column":45}},"35":{"start":{"line":111,"column":8},"end":{"line":111,"column":102}},"36":{"start":{"line":127,"column":8},"end":{"line":127,"column":69}},"37":{"start":{"line":128,"column":8},"end":{"line":128,"column":95}},"38":{"start":{"line":129,"column":8},"end":{"line":129,"column":45}},"39":{"start":{"line":130,"column":8},"end":{"line":130,"column":45}},"40":{"start":{"line":133,"column":8},"end":{"line":133,"column":112}},"41":{"start":{"line":135,"column":8},"end":{"line":135,"column":127}},"42":{"start":{"line":137,"column":8},"end":{"line":137,"column":102}}},"branchMap":{"1":{"line":36,"type":"if","locations":[{"start":{"line":36,"column":8},"end":{"line":36,"column":8}},{"start":{"line":36,"column":8},"end":{"line":36,"column":8}}]},"2":{"line":53,"type":"if","locations":[{"start":{"line":53,"column":8},"end":{"line":53,"column":8}},{"start":{"line":53,"column":8},"end":{"line":53,"column":8}}]},"3":{"line":58,"type":"if","locations":[{"start":{"line":58,"column":8},"end":{"line":58,"column":8}},{"start":{"line":58,"column":8},"end":{"line":58,"column":8}}]},"4":{"line":63,"type":"if","locations":[{"start":{"line":63,"column":8},"end":{"line":63,"column":8}},{"start":{"line":63,"column":8},"end":{"line":63,"column":8}}]},"5":{"line":83,"type":"if","locations":[{"start":{"line":83,"column":8},"end":{"line":83,"column":8}},{"start":{"line":83,"column":8},"end":{"line":83,"column":8}}]},"6":{"line":86,"type":"if","locations":[{"start":{"line":86,"column":12},"end":{"line":86,"column":12}},{"start":{"line":86,"column":12},"end":{"line":86,"column":12}}]},"7":{"line":133,"type":"if","locations":[{"start":{"line":133,"column":8},"end":{"line":133,"column":8}},{"start":{"line":133,"column":8},"end":{"line":133,"column":8}}]}}},"contracts/libraries/UniswapV2OracleLibrary.sol":{"l":{"12":0,"19":0,"20":0,"21":0,"24":0,"25":0,"27":0,"30":0,"32":0},"path":"/home/prexis/Development/dexbr-contracts/periphery/contracts/libraries/UniswapV2OracleLibrary.sol","s":{"1":0,"2":0,"3":0,"4":0,"5":0,"6":0,"7":0,"8":0,"9":0},"b":{"1":[0,0]},"f":{"1":0,"2":0},"fnMap":{"1":{"name":"currentBlockTimestamp","line":11,"loc":{"start":{"line":11,"column":4},"end":{"line":13,"column":4}}},"2":{"name":"currentCumulativePrices","line":16,"loc":{"start":{"line":16,"column":4},"end":{"line":34,"column":4}}}},"statementMap":{"1":{"start":{"line":12,"column":8},"end":{"line":12,"column":48}},"2":{"start":{"line":19,"column":8},"end":{"line":19,"column":47}},"3":{"start":{"line":20,"column":8},"end":{"line":20,"column":69}},"4":{"start":{"line":21,"column":8},"end":{"line":21,"column":69}},"5":{"start":{"line":24,"column":8},"end":{"line":24,"column":108}},"6":{"start":{"line":25,"column":8},"end":{"line":25,"column":1220}},"7":{"start":{"line":27,"column":12},"end":{"line":27,"column":68}},"8":{"start":{"line":30,"column":12},"end":{"line":30,"column":93}},"9":{"start":{"line":32,"column":12},"end":{"line":32,"column":93}}},"branchMap":{"1":{"line":25,"type":"if","locations":[{"start":{"line":25,"column":8},"end":{"line":25,"column":8}},{"start":{"line":25,"column":8},"end":{"line":25,"column":8}}]}}},"contracts/test/DeflatingERC20.sol":{"l":{"24":0,"25":0,"28":0,"37":0,"41":0,"42":0,"43":0,"47":0,"48":0,"49":0,"53":0,"54":0,"58":0,"59":0,"60":0,"61":0,"62":0,"63":0,"67":0,"68":0,"72":0,"73":0,"77":0,"78":0,"80":0,"81":0,"85":0,"86":0,"93":0,"94":0,"95":0},"path":"/home/prexis/Development/dexbr-contracts/periphery/contracts/test/DeflatingERC20.sol","s":{"1":0,"2":0,"3":0,"4":0,"5":0,"6":0,"7":0,"8":0,"9":0,"10":0,"11":0,"12":0,"13":0,"14":0,"15":0,"16":0,"17":0,"18":0,"19":0,"20":0,"21":0,"22":0,"23":0,"24":0,"25":0,"26":0,"27":0,"28":0,"29":0,"30":0},"b":{"1":[0,0],"2":[0,0],"3":[0,0]},"f":{"1":0,"2":0,"3":0,"4":0,"5":0,"6":0,"7":0,"8":0,"9":0},"fnMap":{"1":{"name":"constructor","line":23,"loc":{"start":{"line":23,"column":4},"end":{"line":38,"column":4}}},"2":{"name":"_mint","line":40,"loc":{"start":{"line":40,"column":4},"end":{"line":44,"column":4}}},"3":{"name":"_burn","line":46,"loc":{"start":{"line":46,"column":4},"end":{"line":50,"column":4}}},"4":{"name":"_approve","line":52,"loc":{"start":{"line":52,"column":4},"end":{"line":55,"column":4}}},"5":{"name":"_transfer","line":57,"loc":{"start":{"line":57,"column":4},"end":{"line":64,"column":4}}},"6":{"name":"approve","line":66,"loc":{"start":{"line":66,"column":4},"end":{"line":69,"column":4}}},"7":{"name":"transfer","line":71,"loc":{"start":{"line":71,"column":4},"end":{"line":74,"column":4}}},"8":{"name":"transferFrom","line":76,"loc":{"start":{"line":76,"column":4},"end":{"line":82,"column":4}}},"9":{"name":"permit","line":84,"loc":{"start":{"line":84,"column":4},"end":{"line":96,"column":4}}}},"statementMap":{"1":{"start":{"line":24,"column":8},"end":{"line":24,"column":20}},"2":{"start":{"line":28,"column":8},"end":{"line":28,"column":1005}},"3":{"start":{"line":37,"column":8},"end":{"line":37,"column":38}},"4":{"start":{"line":41,"column":8},"end":{"line":41,"column":43}},"5":{"start":{"line":42,"column":8},"end":{"line":42,"column":47}},"6":{"start":{"line":43,"column":8},"end":{"line":43,"column":44}},"7":{"start":{"line":47,"column":8},"end":{"line":47,"column":51}},"8":{"start":{"line":48,"column":8},"end":{"line":48,"column":43}},"9":{"start":{"line":49,"column":8},"end":{"line":49,"column":46}},"10":{"start":{"line":53,"column":8},"end":{"line":53,"column":40}},"11":{"start":{"line":54,"column":8},"end":{"line":54,"column":44}},"12":{"start":{"line":58,"column":8},"end":{"line":58,"column":37}},"13":{"start":{"line":59,"column":8},"end":{"line":59,"column":30}},"14":{"start":{"line":60,"column":8},"end":{"line":60,"column":51}},"15":{"start":{"line":61,"column":8},"end":{"line":61,"column":60}},"16":{"start":{"line":62,"column":8},"end":{"line":62,"column":56}},"17":{"start":{"line":63,"column":8},"end":{"line":63,"column":47}},"18":{"start":{"line":67,"column":8},"end":{"line":67,"column":43}},"19":{"start":{"line":68,"column":8},"end":{"line":68,"column":19}},"20":{"start":{"line":72,"column":8},"end":{"line":72,"column":39}},"21":{"start":{"line":73,"column":8},"end":{"line":73,"column":19}},"22":{"start":{"line":77,"column":8},"end":{"line":77,"column":2729}},"23":{"start":{"line":78,"column":12},"end":{"line":78,"column":79}},"24":{"start":{"line":80,"column":8},"end":{"line":80,"column":33}},"25":{"start":{"line":81,"column":8},"end":{"line":81,"column":19}},"26":{"start":{"line":85,"column":8},"end":{"line":85,"column":54}},"27":{"start":{"line":86,"column":8},"end":{"line":86,"column":3119}},"28":{"start":{"line":93,"column":8},"end":{"line":93,"column":61}},"29":{"start":{"line":94,"column":8},"end":{"line":94,"column":96}},"30":{"start":{"line":95,"column":8},"end":{"line":95,"column":38}}},"branchMap":{"1":{"line":77,"type":"if","locations":[{"start":{"line":77,"column":8},"end":{"line":77,"column":8}},{"start":{"line":77,"column":8},"end":{"line":77,"column":8}}]},"2":{"line":85,"type":"if","locations":[{"start":{"line":85,"column":8},"end":{"line":85,"column":8}},{"start":{"line":85,"column":8},"end":{"line":85,"column":8}}]},"3":{"line":94,"type":"if","locations":[{"start":{"line":94,"column":8},"end":{"line":94,"column":8}},{"start":{"line":94,"column":8},"end":{"line":94,"column":8}}]}}},"contracts/test/ERC20.sol":{"l":{"24":15,"25":15,"28":15,"37":15,"41":15,"42":15,"43":15,"47":0,"48":0,"49":0,"53":6,"54":6,"58":16,"59":16,"60":16,"64":6,"65":6,"69":6,"70":6,"74":10,"75":0,"77":10,"78":10,"82":0,"83":0,"90":0,"91":0,"92":0},"path":"/home/prexis/Development/dexbr-contracts/periphery/contracts/test/ERC20.sol","s":{"1":15,"2":15,"3":15,"4":15,"5":15,"6":15,"7":0,"8":0,"9":0,"10":6,"11":6,"12":16,"13":16,"14":16,"15":6,"16":6,"17":6,"18":6,"19":10,"20":0,"21":10,"22":10,"23":0,"24":0,"25":0,"26":0,"27":0},"b":{"1":[0,10],"2":[0,0],"3":[0,0]},"f":{"1":15,"2":15,"3":0,"4":6,"5":16,"6":6,"7":6,"8":10,"9":0},"fnMap":{"1":{"name":"constructor","line":23,"loc":{"start":{"line":23,"column":4},"end":{"line":38,"column":4}}},"2":{"name":"_mint","line":40,"loc":{"start":{"line":40,"column":4},"end":{"line":44,"column":4}}},"3":{"name":"_burn","line":46,"loc":{"start":{"line":46,"column":4},"end":{"line":50,"column":4}}},"4":{"name":"_approve","line":52,"loc":{"start":{"line":52,"column":4},"end":{"line":55,"column":4}}},"5":{"name":"_transfer","line":57,"loc":{"start":{"line":57,"column":4},"end":{"line":61,"column":4}}},"6":{"name":"approve","line":63,"loc":{"start":{"line":63,"column":4},"end":{"line":66,"column":4}}},"7":{"name":"transfer","line":68,"loc":{"start":{"line":68,"column":4},"end":{"line":71,"column":4}}},"8":{"name":"transferFrom","line":73,"loc":{"start":{"line":73,"column":4},"end":{"line":79,"column":4}}},"9":{"name":"permit","line":81,"loc":{"start":{"line":81,"column":4},"end":{"line":93,"column":4}}}},"statementMap":{"1":{"start":{"line":24,"column":8},"end":{"line":24,"column":20}},"2":{"start":{"line":28,"column":8},"end":{"line":28,"column":985}},"3":{"start":{"line":37,"column":8},"end":{"line":37,"column":38}},"4":{"start":{"line":41,"column":8},"end":{"line":41,"column":43}},"5":{"start":{"line":42,"column":8},"end":{"line":42,"column":47}},"6":{"start":{"line":43,"column":8},"end":{"line":43,"column":44}},"7":{"start":{"line":47,"column":8},"end":{"line":47,"column":51}},"8":{"start":{"line":48,"column":8},"end":{"line":48,"column":43}},"9":{"start":{"line":49,"column":8},"end":{"line":49,"column":46}},"10":{"start":{"line":53,"column":8},"end":{"line":53,"column":40}},"11":{"start":{"line":54,"column":8},"end":{"line":54,"column":44}},"12":{"start":{"line":58,"column":8},"end":{"line":58,"column":51}},"13":{"start":{"line":59,"column":8},"end":{"line":59,"column":47}},"14":{"start":{"line":60,"column":8},"end":{"line":60,"column":38}},"15":{"start":{"line":64,"column":8},"end":{"line":64,"column":43}},"16":{"start":{"line":65,"column":8},"end":{"line":65,"column":19}},"17":{"start":{"line":69,"column":8},"end":{"line":69,"column":39}},"18":{"start":{"line":70,"column":8},"end":{"line":70,"column":19}},"19":{"start":{"line":74,"column":8},"end":{"line":74,"column":2557}},"20":{"start":{"line":75,"column":12},"end":{"line":75,"column":79}},"21":{"start":{"line":77,"column":8},"end":{"line":77,"column":33}},"22":{"start":{"line":78,"column":8},"end":{"line":78,"column":19}},"23":{"start":{"line":82,"column":8},"end":{"line":82,"column":54}},"24":{"start":{"line":83,"column":8},"end":{"line":83,"column":2947}},"25":{"start":{"line":90,"column":8},"end":{"line":90,"column":61}},"26":{"start":{"line":91,"column":8},"end":{"line":91,"column":96}},"27":{"start":{"line":92,"column":8},"end":{"line":92,"column":38}}},"branchMap":{"1":{"line":74,"type":"if","locations":[{"start":{"line":74,"column":8},"end":{"line":74,"column":8}},{"start":{"line":74,"column":8},"end":{"line":74,"column":8}}]},"2":{"line":82,"type":"if","locations":[{"start":{"line":82,"column":8},"end":{"line":82,"column":8}},{"start":{"line":82,"column":8},"end":{"line":82,"column":8}}]},"3":{"line":91,"type":"if","locations":[{"start":{"line":91,"column":8},"end":{"line":91,"column":8}},{"start":{"line":91,"column":8},"end":{"line":91,"column":8}}]}}},"contracts/test/RouterEventEmitter.sol":{"l":{"18":0,"21":0,"22":0,"33":0,"36":0,"37":0,"47":0,"50":0,"51":0,"62":0,"65":0,"66":0,"77":0,"80":0,"81":0,"91":0,"94":0,"95":0},"path":"/home/prexis/Development/dexbr-contracts/periphery/contracts/test/RouterEventEmitter.sol","s":{"1":0,"2":0,"3":0,"4":0,"5":0,"6":0,"7":0,"8":0,"9":0,"10":0,"11":0,"12":0,"13":0,"14":0,"15":0,"16":0,"17":0,"18":0},"b":{},"f":{"1":0,"2":0,"3":0,"4":0,"5":0,"6":0},"fnMap":{"1":{"name":"swapExactTokensForTokens","line":10,"loc":{"start":{"line":10,"column":4},"end":{"line":23,"column":4}}},"2":{"name":"swapTokensForExactTokens","line":25,"loc":{"start":{"line":25,"column":4},"end":{"line":38,"column":4}}},"3":{"name":"swapExactETHForTokens","line":40,"loc":{"start":{"line":40,"column":4},"end":{"line":52,"column":4}}},"4":{"name":"swapTokensForExactETH","line":54,"loc":{"start":{"line":54,"column":4},"end":{"line":67,"column":4}}},"5":{"name":"swapExactTokensForETH","line":69,"loc":{"start":{"line":69,"column":4},"end":{"line":82,"column":4}}},"6":{"name":"swapETHForExactTokens","line":84,"loc":{"start":{"line":84,"column":4},"end":{"line":96,"column":4}}}},"statementMap":{"1":{"start":{"line":18,"column":8},"end":{"line":18,"column":398}},"2":{"start":{"line":21,"column":8},"end":{"line":21,"column":22}},"3":{"start":{"line":22,"column":8},"end":{"line":22,"column":54}},"4":{"start":{"line":33,"column":8},"end":{"line":33,"column":914}},"5":{"start":{"line":36,"column":8},"end":{"line":36,"column":22}},"6":{"start":{"line":37,"column":8},"end":{"line":37,"column":54}},"7":{"start":{"line":47,"column":8},"end":{"line":47,"column":1412}},"8":{"start":{"line":50,"column":8},"end":{"line":50,"column":22}},"9":{"start":{"line":51,"column":8},"end":{"line":51,"column":54}},"10":{"start":{"line":62,"column":8},"end":{"line":62,"column":1912}},"11":{"start":{"line":65,"column":8},"end":{"line":65,"column":22}},"12":{"start":{"line":66,"column":8},"end":{"line":66,"column":54}},"13":{"start":{"line":77,"column":8},"end":{"line":77,"column":2422}},"14":{"start":{"line":80,"column":8},"end":{"line":80,"column":22}},"15":{"start":{"line":81,"column":8},"end":{"line":81,"column":54}},"16":{"start":{"line":91,"column":8},"end":{"line":91,"column":2914}},"17":{"start":{"line":94,"column":8},"end":{"line":94,"column":22}},"18":{"start":{"line":95,"column":8},"end":{"line":95,"column":54}}},"branchMap":{}},"contracts/test/WETH9.sol":{"l":{"35":2,"36":2,"39":1,"40":1,"41":1,"42":1,"46":0,"50":2,"51":2,"52":2,"56":3,"63":3,"65":3,"66":0,"67":0,"70":3,"71":3,"73":3,"75":3},"path":"/home/prexis/Development/dexbr-contracts/periphery/contracts/test/WETH9.sol","s":{"1":2,"2":2,"3":1,"4":1,"5":1,"6":1,"7":0,"8":2,"9":2,"10":2,"11":3,"12":3,"13":3,"14":0,"15":0,"16":3,"17":3,"18":3,"19":3},"b":{"1":[1,0],"2":[3,0],"3":[0,3],"4":[0,0]},"f":{"1":2,"2":1,"3":0,"4":2,"5":3,"6":3},"fnMap":{"1":{"name":"deposit","line":34,"loc":{"start":{"line":34,"column":4},"end":{"line":37,"column":4}}},"2":{"name":"withdraw","line":38,"loc":{"start":{"line":38,"column":4},"end":{"line":43,"column":4}}},"3":{"name":"totalSupply","line":45,"loc":{"start":{"line":45,"column":4},"end":{"line":47,"column":4}}},"4":{"name":"approve","line":49,"loc":{"start":{"line":49,"column":4},"end":{"line":53,"column":4}}},"5":{"name":"transfer","line":55,"loc":{"start":{"line":55,"column":4},"end":{"line":57,"column":4}}},"6":{"name":"transferFrom","line":59,"loc":{"start":{"line":59,"column":4},"end":{"line":76,"column":4}}}},"statementMap":{"1":{"start":{"line":35,"column":8},"end":{"line":35,"column":41}},"2":{"start":{"line":36,"column":8},"end":{"line":36,"column":43}},"3":{"start":{"line":39,"column":8},"end":{"line":39,"column":48}},"4":{"start":{"line":40,"column":8},"end":{"line":40,"column":35}},"5":{"start":{"line":41,"column":8},"end":{"line":41,"column":31}},"6":{"start":{"line":42,"column":8},"end":{"line":42,"column":40}},"7":{"start":{"line":46,"column":8},"end":{"line":46,"column":36}},"8":{"start":{"line":50,"column":8},"end":{"line":50,"column":39}},"9":{"start":{"line":51,"column":8},"end":{"line":51,"column":43}},"10":{"start":{"line":52,"column":8},"end":{"line":52,"column":19}},"11":{"start":{"line":56,"column":8},"end":{"line":56,"column":49}},"12":{"start":{"line":63,"column":8},"end":{"line":63,"column":41}},"13":{"start":{"line":65,"column":8},"end":{"line":65,"column":2233}},"14":{"start":{"line":66,"column":12},"end":{"line":66,"column":57}},"15":{"start":{"line":67,"column":12},"end":{"line":67,"column":44}},"16":{"start":{"line":70,"column":8},"end":{"line":70,"column":28}},"17":{"start":{"line":71,"column":8},"end":{"line":71,"column":28}},"18":{"start":{"line":73,"column":8},"end":{"line":73,"column":36}},"19":{"start":{"line":75,"column":8},"end":{"line":75,"column":19}}},"branchMap":{"1":{"line":39,"type":"if","locations":[{"start":{"line":39,"column":8},"end":{"line":39,"column":8}},{"start":{"line":39,"column":8},"end":{"line":39,"column":8}}]},"2":{"line":63,"type":"if","locations":[{"start":{"line":63,"column":8},"end":{"line":63,"column":8}},{"start":{"line":63,"column":8},"end":{"line":63,"column":8}}]},"3":{"line":65,"type":"if","locations":[{"start":{"line":65,"column":8},"end":{"line":65,"column":8}},{"start":{"line":65,"column":8},"end":{"line":65,"column":8}}]},"4":{"line":66,"type":"if","locations":[{"start":{"line":66,"column":12},"end":{"line":66,"column":12}},{"start":{"line":66,"column":12},"end":{"line":66,"column":12}}]}}},"contracts/UniswapV2Migrator.sol":{"l":{"16":0,"17":0,"28":0,"29":0,"30":0,"31":0,"32":0,"33":0,"41":0,"42":0,"43":0,"46":0},"path":"/home/prexis/Development/dexbr-contracts/periphery/contracts/UniswapV2Migrator.sol","s":{"1":0,"2":0,"3":0,"4":0,"5":0,"6":0,"7":0,"8":0,"9":0,"10":0,"11":0,"12":0,"13":0},"b":{"1":[0,0],"2":[0,0],"3":[0,0]},"f":{"1":0,"2":0},"fnMap":{"1":{"name":"constructor","line":15,"loc":{"start":{"line":15,"column":4},"end":{"line":18,"column":4}}},"2":{"name":"migrate","line":24,"loc":{"start":{"line":24,"column":4},"end":{"line":48,"column":4}}}},"statementMap":{"1":{"start":{"line":16,"column":8},"end":{"line":16,"column":48}},"2":{"start":{"line":17,"column":8},"end":{"line":17,"column":43}},"3":{"start":{"line":28,"column":8},"end":{"line":28,"column":88}},"4":{"start":{"line":29,"column":8},"end":{"line":29,"column":59}},"5":{"start":{"line":30,"column":8},"end":{"line":30,"column":103}},"6":{"start":{"line":31,"column":8},"end":{"line":31,"column":104}},"7":{"start":{"line":32,"column":8},"end":{"line":32,"column":72}},"8":{"start":{"line":33,"column":8},"end":{"line":33,"column":1462}},"9":{"start":{"line":41,"column":8},"end":{"line":41,"column":1703}},"10":{"start":{"line":42,"column":12},"end":{"line":42,"column":64}},"11":{"start":{"line":43,"column":12},"end":{"line":43,"column":88}},"12":{"start":{"line":44,"column":15},"end":{"line":44,"column":1967}},"13":{"start":{"line":46,"column":12},"end":{"line":46,"column":80}}},"branchMap":{"1":{"line":30,"type":"if","locations":[{"start":{"line":30,"column":8},"end":{"line":30,"column":8}},{"start":{"line":30,"column":8},"end":{"line":30,"column":8}}]},"2":{"line":41,"type":"if","locations":[{"start":{"line":41,"column":8},"end":{"line":41,"column":8}},{"start":{"line":41,"column":8},"end":{"line":41,"column":8}}]},"3":{"line":44,"type":"if","locations":[{"start":{"line":44,"column":15},"end":{"line":44,"column":15}},{"start":{"line":44,"column":15},"end":{"line":44,"column":15}}]}}},"contracts/UniswapV2Router01.sol":{"l":{"16":0,"17":0,"21":3,"22":3,"26":0,"39":0,"40":0,"42":0,"43":0,"44":0,"46":0,"47":0,"48":0,"49":0,"51":0,"52":0,"53":0,"54":0,"68":0,"69":0,"70":0,"71":0,"72":0,"82":0,"90":0,"91":0,"92":0,"93":0,"94":0,"95":0,"108":0,"109":0,"110":0,"111":0,"112":0,"113":0,"114":0,"124":0,"133":0,"134":0,"135":0,"147":0,"148":0,"149":0,"150":0,"161":0,"162":0,"163":0,"164":0,"170":0,"171":0,"172":0,"173":0,"174":0,"175":0,"176":0,"186":0,"187":0,"188":0,"189":0,"198":0,"199":0,"200":0,"201":0,"210":0,"211":0,"212":0,"213":0,"214":0,"215":0,"223":0,"224":0,"225":0,"226":0,"227":0,"228":0,"229":0,"237":0,"238":0,"239":0,"240":0,"241":0,"242":0,"243":0,"252":0,"253":0,"254":0,"255":0,"256":0,"257":0,"258":0,"262":0,"266":0,"270":0,"274":0,"278":0},"path":"/home/prexis/Development/dexbr-contracts/periphery/contracts/UniswapV2Router01.sol","s":{"1":0,"2":3,"3":3,"4":0,"5":0,"6":0,"7":0,"8":0,"9":0,"10":0,"11":0,"12":0,"13":0,"14":0,"15":0,"16":0,"17":0,"18":0,"19":0,"20":0,"21":0,"22":0,"23":0,"24":0,"25":0,"26":0,"27":0,"28":0,"29":0,"30":0,"31":0,"32":0,"33":0,"34":0,"35":0,"36":0,"37":0,"38":0,"39":0,"40":0,"41":0,"42":0,"43":0,"44":0,"45":0,"46":0,"47":0,"48":0,"49":0,"50":0,"51":0,"52":0,"53":0,"54":0,"55":0,"56":0,"57":0,"58":0,"59":0,"60":0,"61":0,"62":0,"63":0,"64":0,"65":0,"66":0,"67":0,"68":0,"69":0,"70":0,"71":0,"72":0,"73":0,"74":0,"75":0,"76":0,"77":0,"78":0,"79":0,"80":0,"81":0,"82":0,"83":0,"84":0,"85":0,"86":0,"87":0,"88":0,"89":0,"90":0,"91":0,"92":0,"93":0,"94":0,"95":0,"96":0},"b":{"1":[0,0],"2":[0,0],"3":[0,0],"4":[0,0],"5":[0,0],"6":[0,0],"7":[0,0],"8":[0,0],"9":[0,0],"10":[0,0],"11":[0,0],"12":[0,0],"13":[0,0],"14":[0,0],"15":[0,0],"16":[0,0],"17":[0,0],"18":[0,0],"19":[0,0],"20":[0,0]},"f":{"1":0,"2":3,"3":0,"4":0,"5":0,"6":0,"7":0,"8":0,"9":0,"10":0,"11":0,"12":0,"13":0,"14":0,"15":0,"16":0,"17":0,"18":0,"19":0,"20":0,"21":0},"fnMap":{"1":{"name":"ensure","line":15,"loc":{"start":{"line":15,"column":4},"end":{"line":18,"column":4}}},"2":{"name":"constructor","line":20,"loc":{"start":{"line":20,"column":4},"end":{"line":23,"column":4}}},"3":{"name":"_addLiquidity","line":30,"loc":{"start":{"line":30,"column":4},"end":{"line":57,"column":4}}},"4":{"name":"addLiquidity","line":67,"loc":{"start":{"line":58,"column":4},"end":{"line":73,"column":4}}},"5":{"name":"addLiquidityETH","line":81,"loc":{"start":{"line":74,"column":4},"end":{"line":96,"column":4}}},"6":{"name":"removeLiquidity","line":107,"loc":{"start":{"line":99,"column":4},"end":{"line":115,"column":4}}},"7":{"name":"removeLiquidityETH","line":123,"loc":{"start":{"line":116,"column":4},"end":{"line":136,"column":4}}},"8":{"name":"removeLiquidityWithPermit","line":137,"loc":{"start":{"line":137,"column":4},"end":{"line":151,"column":4}}},"9":{"name":"removeLiquidityETHWithPermit","line":152,"loc":{"start":{"line":152,"column":4},"end":{"line":165,"column":4}}},"10":{"name":"_swap","line":169,"loc":{"start":{"line":169,"column":4},"end":{"line":178,"column":4}}},"11":{"name":"swapExactTokensForTokens","line":185,"loc":{"start":{"line":179,"column":4},"end":{"line":190,"column":4}}},"12":{"name":"swapTokensForExactTokens","line":197,"loc":{"start":{"line":191,"column":4},"end":{"line":202,"column":4}}},"13":{"name":"swapExactETHForTokens","line":207,"loc":{"start":{"line":203,"column":4},"end":{"line":216,"column":4}}},"14":{"name":"swapTokensForExactETH","line":220,"loc":{"start":{"line":217,"column":4},"end":{"line":230,"column":4}}},"15":{"name":"swapExactTokensForETH","line":234,"loc":{"start":{"line":231,"column":4},"end":{"line":244,"column":4}}},"16":{"name":"swapETHForExactTokens","line":249,"loc":{"start":{"line":245,"column":4},"end":{"line":259,"column":4}}},"17":{"name":"quote","line":261,"loc":{"start":{"line":261,"column":4},"end":{"line":263,"column":4}}},"18":{"name":"getAmountOut","line":265,"loc":{"start":{"line":265,"column":4},"end":{"line":267,"column":4}}},"19":{"name":"getAmountIn","line":269,"loc":{"start":{"line":269,"column":4},"end":{"line":271,"column":4}}},"20":{"name":"getAmountsOut","line":273,"loc":{"start":{"line":273,"column":4},"end":{"line":275,"column":4}}},"21":{"name":"getAmountsIn","line":277,"loc":{"start":{"line":277,"column":4},"end":{"line":279,"column":4}}}},"statementMap":{"1":{"start":{"line":16,"column":8},"end":{"line":16,"column":71}},"2":{"start":{"line":21,"column":8},"end":{"line":21,"column":25}},"3":{"start":{"line":22,"column":8},"end":{"line":22,"column":19}},"4":{"start":{"line":39,"column":8},"end":{"line":39,"column":1165}},"5":{"start":{"line":40,"column":12},"end":{"line":40,"column":64}},"6":{"start":{"line":42,"column":8},"end":{"line":42,"column":94}},"7":{"start":{"line":43,"column":8},"end":{"line":43,"column":1418}},"8":{"start":{"line":44,"column":12},"end":{"line":44,"column":64}},"9":{"start":{"line":46,"column":12},"end":{"line":46,"column":92}},"10":{"start":{"line":47,"column":12},"end":{"line":47,"column":1650}},"11":{"start":{"line":48,"column":16},"end":{"line":48,"column":94}},"12":{"start":{"line":49,"column":16},"end":{"line":49,"column":68}},"13":{"start":{"line":51,"column":16},"end":{"line":51,"column":96}},"14":{"start":{"line":52,"column":16},"end":{"line":52,"column":55}},"15":{"start":{"line":53,"column":16},"end":{"line":53,"column":94}},"16":{"start":{"line":54,"column":16},"end":{"line":54,"column":68}},"17":{"start":{"line":68,"column":8},"end":{"line":68,"column":113}},"18":{"start":{"line":69,"column":8},"end":{"line":69,"column":72}},"19":{"start":{"line":70,"column":8},"end":{"line":70,"column":73}},"20":{"start":{"line":71,"column":8},"end":{"line":71,"column":73}},"21":{"start":{"line":72,"column":8},"end":{"line":72,"column":48}},"22":{"start":{"line":82,"column":8},"end":{"line":82,"column":3251}},"23":{"start":{"line":90,"column":8},"end":{"line":90,"column":69}},"24":{"start":{"line":91,"column":8},"end":{"line":91,"column":76}},"25":{"start":{"line":92,"column":8},"end":{"line":92,"column":46}},"26":{"start":{"line":93,"column":8},"end":{"line":93,"column":52}},"27":{"start":{"line":94,"column":8},"end":{"line":94,"column":48}},"28":{"start":{"line":95,"column":8},"end":{"line":95,"column":100}},"29":{"start":{"line":95,"column":35},"end":{"line":95,"column":99}},"30":{"start":{"line":108,"column":8},"end":{"line":108,"column":72}},"31":{"start":{"line":109,"column":8},"end":{"line":109,"column":69}},"32":{"start":{"line":110,"column":8},"end":{"line":110,"column":68}},"33":{"start":{"line":111,"column":8},"end":{"line":111,"column":71}},"34":{"start":{"line":112,"column":8},"end":{"line":112,"column":86}},"35":{"start":{"line":113,"column":8},"end":{"line":113,"column":79}},"36":{"start":{"line":114,"column":8},"end":{"line":114,"column":79}},"37":{"start":{"line":124,"column":8},"end":{"line":124,"column":5040}},"38":{"start":{"line":133,"column":8},"end":{"line":133,"column":58}},"39":{"start":{"line":134,"column":8},"end":{"line":134,"column":38}},"40":{"start":{"line":135,"column":8},"end":{"line":135,"column":52}},"41":{"start":{"line":147,"column":8},"end":{"line":147,"column":72}},"42":{"start":{"line":148,"column":8},"end":{"line":148,"column":54}},"43":{"start":{"line":149,"column":8},"end":{"line":149,"column":87}},"44":{"start":{"line":150,"column":8},"end":{"line":150,"column":108}},"45":{"start":{"line":161,"column":8},"end":{"line":161,"column":69}},"46":{"start":{"line":162,"column":8},"end":{"line":162,"column":54}},"47":{"start":{"line":163,"column":8},"end":{"line":163,"column":87}},"48":{"start":{"line":164,"column":8},"end":{"line":164,"column":114}},"49":{"start":{"line":170,"column":8},"end":{"line":170,"column":6931}},"50":{"start":{"line":171,"column":12},"end":{"line":171,"column":68}},"51":{"start":{"line":172,"column":12},"end":{"line":172,"column":74}},"52":{"start":{"line":173,"column":12},"end":{"line":173,"column":43}},"53":{"start":{"line":174,"column":12},"end":{"line":174,"column":110}},"54":{"start":{"line":175,"column":12},"end":{"line":175,"column":107}},"55":{"start":{"line":176,"column":12},"end":{"line":176,"column":122}},"56":{"start":{"line":186,"column":8},"end":{"line":186,"column":72}},"57":{"start":{"line":187,"column":8},"end":{"line":187,"column":106}},"58":{"start":{"line":188,"column":8},"end":{"line":188,"column":124}},"59":{"start":{"line":189,"column":8},"end":{"line":189,"column":31}},"60":{"start":{"line":198,"column":8},"end":{"line":198,"column":72}},"61":{"start":{"line":199,"column":8},"end":{"line":199,"column":84}},"62":{"start":{"line":200,"column":8},"end":{"line":200,"column":124}},"63":{"start":{"line":201,"column":8},"end":{"line":201,"column":31}},"64":{"start":{"line":210,"column":8},"end":{"line":210,"column":64}},"65":{"start":{"line":211,"column":8},"end":{"line":211,"column":73}},"66":{"start":{"line":212,"column":8},"end":{"line":212,"column":106}},"67":{"start":{"line":213,"column":8},"end":{"line":213,"column":47}},"68":{"start":{"line":214,"column":8},"end":{"line":214,"column":100}},"69":{"start":{"line":215,"column":8},"end":{"line":215,"column":31}},"70":{"start":{"line":223,"column":8},"end":{"line":223,"column":78}},"71":{"start":{"line":224,"column":8},"end":{"line":224,"column":72}},"72":{"start":{"line":225,"column":8},"end":{"line":225,"column":84}},"73":{"start":{"line":226,"column":8},"end":{"line":226,"column":124}},"74":{"start":{"line":227,"column":8},"end":{"line":227,"column":42}},"75":{"start":{"line":228,"column":8},"end":{"line":228,"column":56}},"76":{"start":{"line":229,"column":8},"end":{"line":229,"column":70}},"77":{"start":{"line":237,"column":8},"end":{"line":237,"column":78}},"78":{"start":{"line":238,"column":8},"end":{"line":238,"column":72}},"79":{"start":{"line":239,"column":8},"end":{"line":239,"column":106}},"80":{"start":{"line":240,"column":8},"end":{"line":240,"column":124}},"81":{"start":{"line":241,"column":8},"end":{"line":241,"column":42}},"82":{"start":{"line":242,"column":8},"end":{"line":242,"column":56}},"83":{"start":{"line":243,"column":8},"end":{"line":243,"column":70}},"84":{"start":{"line":252,"column":8},"end":{"line":252,"column":64}},"85":{"start":{"line":253,"column":8},"end":{"line":253,"column":72}},"86":{"start":{"line":254,"column":8},"end":{"line":254,"column":82}},"87":{"start":{"line":255,"column":8},"end":{"line":255,"column":47}},"88":{"start":{"line":256,"column":8},"end":{"line":256,"column":100}},"89":{"start":{"line":257,"column":8},"end":{"line":257,"column":31}},"90":{"start":{"line":258,"column":8},"end":{"line":258,"column":102}},"91":{"start":{"line":258,"column":36},"end":{"line":258,"column":101}},"92":{"start":{"line":262,"column":8},"end":{"line":262,"column":66}},"93":{"start":{"line":266,"column":8},"end":{"line":266,"column":77}},"94":{"start":{"line":270,"column":8},"end":{"line":270,"column":78}},"95":{"start":{"line":274,"column":8},"end":{"line":274,"column":70}},"96":{"start":{"line":278,"column":8},"end":{"line":278,"column":70}}},"branchMap":{"1":{"line":16,"type":"if","locations":[{"start":{"line":16,"column":8},"end":{"line":16,"column":8}},{"start":{"line":16,"column":8},"end":{"line":16,"column":8}}]},"2":{"line":39,"type":"if","locations":[{"start":{"line":39,"column":8},"end":{"line":39,"column":8}},{"start":{"line":39,"column":8},"end":{"line":39,"column":8}}]},"3":{"line":43,"type":"if","locations":[{"start":{"line":43,"column":8},"end":{"line":43,"column":8}},{"start":{"line":43,"column":8},"end":{"line":43,"column":8}}]},"4":{"line":47,"type":"if","locations":[{"start":{"line":47,"column":12},"end":{"line":47,"column":12}},{"start":{"line":47,"column":12},"end":{"line":47,"column":12}}]},"5":{"line":48,"type":"if","locations":[{"start":{"line":48,"column":16},"end":{"line":48,"column":16}},{"start":{"line":48,"column":16},"end":{"line":48,"column":16}}]},"6":{"line":53,"type":"if","locations":[{"start":{"line":53,"column":16},"end":{"line":53,"column":16}},{"start":{"line":53,"column":16},"end":{"line":53,"column":16}}]},"7":{"line":95,"type":"if","locations":[{"start":{"line":95,"column":8},"end":{"line":95,"column":8}},{"start":{"line":95,"column":8},"end":{"line":95,"column":8}}]},"8":{"line":113,"type":"if","locations":[{"start":{"line":113,"column":8},"end":{"line":113,"column":8}},{"start":{"line":113,"column":8},"end":{"line":113,"column":8}}]},"9":{"line":114,"type":"if","locations":[{"start":{"line":114,"column":8},"end":{"line":114,"column":8}},{"start":{"line":114,"column":8},"end":{"line":114,"column":8}}]},"10":{"line":187,"type":"if","locations":[{"start":{"line":187,"column":8},"end":{"line":187,"column":8}},{"start":{"line":187,"column":8},"end":{"line":187,"column":8}}]},"11":{"line":199,"type":"if","locations":[{"start":{"line":199,"column":8},"end":{"line":199,"column":8}},{"start":{"line":199,"column":8},"end":{"line":199,"column":8}}]},"12":{"line":210,"type":"if","locations":[{"start":{"line":210,"column":8},"end":{"line":210,"column":8}},{"start":{"line":210,"column":8},"end":{"line":210,"column":8}}]},"13":{"line":212,"type":"if","locations":[{"start":{"line":212,"column":8},"end":{"line":212,"column":8}},{"start":{"line":212,"column":8},"end":{"line":212,"column":8}}]},"14":{"line":223,"type":"if","locations":[{"start":{"line":223,"column":8},"end":{"line":223,"column":8}},{"start":{"line":223,"column":8},"end":{"line":223,"column":8}}]},"15":{"line":225,"type":"if","locations":[{"start":{"line":225,"column":8},"end":{"line":225,"column":8}},{"start":{"line":225,"column":8},"end":{"line":225,"column":8}}]},"16":{"line":237,"type":"if","locations":[{"start":{"line":237,"column":8},"end":{"line":237,"column":8}},{"start":{"line":237,"column":8},"end":{"line":237,"column":8}}]},"17":{"line":239,"type":"if","locations":[{"start":{"line":239,"column":8},"end":{"line":239,"column":8}},{"start":{"line":239,"column":8},"end":{"line":239,"column":8}}]},"18":{"line":252,"type":"if","locations":[{"start":{"line":252,"column":8},"end":{"line":252,"column":8}},{"start":{"line":252,"column":8},"end":{"line":252,"column":8}}]},"19":{"line":254,"type":"if","locations":[{"start":{"line":254,"column":8},"end":{"line":254,"column":8}},{"start":{"line":254,"column":8},"end":{"line":254,"column":8}}]},"20":{"line":258,"type":"if","locations":[{"start":{"line":258,"column":8},"end":{"line":258,"column":8}},{"start":{"line":258,"column":8},"end":{"line":258,"column":8}}]}}},"contracts/UniswapV2Router02.sol":{"l":{"19":12,"20":12,"24":3,"25":3,"29":1,"42":8,"43":2,"45":8,"46":8,"47":3,"49":5,"50":5,"51":3,"52":2,"54":2,"55":2,"56":2,"57":1,"71":6,"72":4,"73":4,"74":4,"75":4,"85":2,"93":2,"94":2,"95":2,"96":2,"97":2,"99":2,"112":3,"113":3,"114":3,"115":3,"116":3,"117":3,"118":3,"128":1,"137":1,"138":1,"139":1,"151":1,"152":1,"153":1,"154":1,"165":0,"166":0,"167":0,"168":0,"180":0,"189":0,"190":0,"191":0,"202":0,"203":0,"204":0,"205":0,"213":0,"214":0,"215":0,"216":0,"217":0,"218":0,"219":0,"231":0,"232":0,"233":0,"236":0,"245":0,"246":0,"247":0,"250":0,"260":0,"261":0,"262":0,"263":0,"264":0,"265":0,"274":0,"275":0,"276":0,"277":0,"280":0,"281":0,"282":0,"291":0,"292":0,"293":0,"294":0,"297":0,"298":0,"299":0,"309":0,"310":0,"311":0,"312":0,"313":0,"314":0,"316":0,"322":0,"323":0,"324":0,"325":0,"326":0,"327":0,"328":0,"329":0,"330":0,"331":0,"332":0,"334":0,"335":0,"336":0,"346":0,"349":0,"350":0,"351":0,"368":0,"369":0,"370":0,"371":0,"372":0,"373":0,"374":0,"391":0,"392":0,"395":0,"396":0,"397":0,"398":0,"399":0,"404":0,"414":0,"424":0,"434":0,"444":0},"path":"/home/prexis/Development/dexbr-contracts/periphery/contracts/UniswapV2Router02.sol","s":{"1":12,"2":3,"3":3,"4":8,"5":2,"6":8,"7":8,"8":3,"9":5,"10":5,"11":3,"12":2,"13":2,"14":2,"15":2,"16":1,"17":6,"18":4,"19":4,"20":4,"21":4,"22":2,"23":2,"24":2,"25":2,"26":2,"27":2,"28":2,"29":1,"30":3,"31":3,"32":3,"33":3,"34":3,"35":3,"36":3,"37":1,"38":1,"39":1,"40":1,"41":1,"42":1,"43":1,"44":1,"45":0,"46":0,"47":0,"48":0,"49":0,"50":0,"51":0,"52":0,"53":0,"54":0,"55":0,"56":0,"57":0,"58":0,"59":0,"60":0,"61":0,"62":0,"63":0,"64":0,"65":0,"66":0,"67":0,"68":0,"69":0,"70":0,"71":0,"72":0,"73":0,"74":0,"75":0,"76":0,"77":0,"78":0,"79":0,"80":0,"81":0,"82":0,"83":0,"84":0,"85":0,"86":0,"87":0,"88":0,"89":0,"90":0,"91":0,"92":0,"93":0,"94":0,"95":0,"96":0,"97":0,"98":0,"99":0,"100":0,"101":0,"102":0,"103":0,"104":0,"105":0,"106":0,"107":0,"108":0,"109":0,"110":0,"111":0,"112":0,"113":0,"114":0,"115":0,"116":0,"117":0,"118":0,"119":0,"120":0,"121":0,"122":0,"123":0,"124":0,"125":0,"126":0,"127":0,"128":0,"129":0,"130":0,"131":0,"132":0,"133":0,"134":0,"135":0},"b":{"1":[12,0],"2":[2,6],"3":[3,5],"4":[3,2],"5":[2,1],"6":[1,1],"7":[1,1],"8":[3,0],"9":[3,0],"10":[0,0],"11":[0,0],"12":[0,0],"13":[0,0],"14":[0,0],"15":[0,0],"16":[0,0],"17":[0,0],"18":[0,0],"19":[0,0],"20":[0,0],"21":[0,0],"22":[0,0],"23":[0,0],"24":[0,0],"25":[0,0]},"f":{"1":12,"2":3,"3":8,"4":6,"5":2,"6":3,"7":1,"8":1,"9":0,"10":0,"11":0,"12":0,"13":0,"14":0,"15":0,"16":0,"17":0,"18":0,"19":0,"20":0,"21":0,"22":0,"23":0,"24":0,"25":0,"26":0,"27":0},"fnMap":{"1":{"name":"ensure","line":18,"loc":{"start":{"line":18,"column":4},"end":{"line":21,"column":4}}},"2":{"name":"constructor","line":23,"loc":{"start":{"line":23,"column":4},"end":{"line":26,"column":4}}},"3":{"name":"_addLiquidity","line":33,"loc":{"start":{"line":33,"column":4},"end":{"line":60,"column":4}}},"4":{"name":"addLiquidity","line":70,"loc":{"start":{"line":61,"column":4},"end":{"line":76,"column":4}}},"5":{"name":"addLiquidityETH","line":84,"loc":{"start":{"line":77,"column":4},"end":{"line":100,"column":4}}},"6":{"name":"removeLiquidity","line":111,"loc":{"start":{"line":103,"column":4},"end":{"line":119,"column":4}}},"7":{"name":"removeLiquidityETH","line":127,"loc":{"start":{"line":120,"column":4},"end":{"line":140,"column":4}}},"8":{"name":"removeLiquidityWithPermit","line":141,"loc":{"start":{"line":141,"column":4},"end":{"line":155,"column":4}}},"9":{"name":"removeLiquidityETHWithPermit","line":156,"loc":{"start":{"line":156,"column":4},"end":{"line":169,"column":4}}},"10":{"name":"removeLiquidityETHSupportingFeeOnTransferTokens","line":179,"loc":{"start":{"line":172,"column":4},"end":{"line":192,"column":4}}},"11":{"name":"removeLiquidityETHWithPermitSupportingFeeOnTransferTokens","line":193,"loc":{"start":{"line":193,"column":4},"end":{"line":208,"column":4}}},"12":{"name":"_swap","line":212,"loc":{"start":{"line":212,"column":4},"end":{"line":223,"column":4}}},"13":{"name":"swapExactTokensForTokens","line":230,"loc":{"start":{"line":224,"column":4},"end":{"line":237,"column":4}}},"14":{"name":"swapTokensForExactTokens","line":244,"loc":{"start":{"line":238,"column":4},"end":{"line":251,"column":4}}},"15":{"name":"swapExactETHForTokens","line":257,"loc":{"start":{"line":252,"column":4},"end":{"line":266,"column":4}}},"16":{"name":"swapTokensForExactETH","line":271,"loc":{"start":{"line":267,"column":4},"end":{"line":283,"column":4}}},"17":{"name":"swapExactTokensForETH","line":288,"loc":{"start":{"line":284,"column":4},"end":{"line":300,"column":4}}},"18":{"name":"swapETHForExactTokens","line":306,"loc":{"start":{"line":301,"column":4},"end":{"line":317,"column":4}}},"19":{"name":"_swapSupportingFeeOnTransferTokens","line":321,"loc":{"start":{"line":321,"column":4},"end":{"line":338,"column":4}}},"20":{"name":"swapExactTokensForTokensSupportingFeeOnTransferTokens","line":345,"loc":{"start":{"line":339,"column":4},"end":{"line":355,"column":4}}},"21":{"name":"swapExactETHForTokensSupportingFeeOnTransferTokens","line":366,"loc":{"start":{"line":356,"column":4},"end":{"line":378,"column":4}}},"22":{"name":"swapExactTokensForETHSupportingFeeOnTransferTokens","line":389,"loc":{"start":{"line":379,"column":4},"end":{"line":400,"column":4}}},"23":{"name":"quote","line":403,"loc":{"start":{"line":403,"column":4},"end":{"line":405,"column":4}}},"24":{"name":"getAmountOut","line":407,"loc":{"start":{"line":407,"column":4},"end":{"line":415,"column":4}}},"25":{"name":"getAmountIn","line":417,"loc":{"start":{"line":417,"column":4},"end":{"line":425,"column":4}}},"26":{"name":"getAmountsOut","line":427,"loc":{"start":{"line":427,"column":4},"end":{"line":435,"column":4}}},"27":{"name":"getAmountsIn","line":437,"loc":{"start":{"line":437,"column":4},"end":{"line":445,"column":4}}}},"statementMap":{"1":{"start":{"line":19,"column":8},"end":{"line":19,"column":71}},"2":{"start":{"line":24,"column":8},"end":{"line":24,"column":25}},"3":{"start":{"line":25,"column":8},"end":{"line":25,"column":19}},"4":{"start":{"line":42,"column":8},"end":{"line":42,"column":1239}},"5":{"start":{"line":43,"column":12},"end":{"line":43,"column":64}},"6":{"start":{"line":45,"column":8},"end":{"line":45,"column":94}},"7":{"start":{"line":46,"column":8},"end":{"line":46,"column":1492}},"8":{"start":{"line":47,"column":12},"end":{"line":47,"column":64}},"9":{"start":{"line":49,"column":12},"end":{"line":49,"column":92}},"10":{"start":{"line":50,"column":12},"end":{"line":50,"column":1724}},"11":{"start":{"line":51,"column":16},"end":{"line":51,"column":94}},"12":{"start":{"line":52,"column":16},"end":{"line":52,"column":68}},"13":{"start":{"line":54,"column":16},"end":{"line":54,"column":96}},"14":{"start":{"line":55,"column":16},"end":{"line":55,"column":55}},"15":{"start":{"line":56,"column":16},"end":{"line":56,"column":94}},"16":{"start":{"line":57,"column":16},"end":{"line":57,"column":68}},"17":{"start":{"line":71,"column":8},"end":{"line":71,"column":113}},"18":{"start":{"line":72,"column":8},"end":{"line":72,"column":72}},"19":{"start":{"line":73,"column":8},"end":{"line":73,"column":73}},"20":{"start":{"line":74,"column":8},"end":{"line":74,"column":73}},"21":{"start":{"line":75,"column":8},"end":{"line":75,"column":48}},"22":{"start":{"line":85,"column":8},"end":{"line":85,"column":3341}},"23":{"start":{"line":93,"column":8},"end":{"line":93,"column":69}},"24":{"start":{"line":94,"column":8},"end":{"line":94,"column":76}},"25":{"start":{"line":95,"column":8},"end":{"line":95,"column":46}},"26":{"start":{"line":96,"column":8},"end":{"line":96,"column":52}},"27":{"start":{"line":97,"column":8},"end":{"line":97,"column":48}},"28":{"start":{"line":99,"column":8},"end":{"line":99,"column":100}},"29":{"start":{"line":99,"column":35},"end":{"line":99,"column":99}},"30":{"start":{"line":112,"column":8},"end":{"line":112,"column":72}},"31":{"start":{"line":113,"column":8},"end":{"line":113,"column":69}},"32":{"start":{"line":114,"column":8},"end":{"line":114,"column":68}},"33":{"start":{"line":115,"column":8},"end":{"line":115,"column":71}},"34":{"start":{"line":116,"column":8},"end":{"line":116,"column":86}},"35":{"start":{"line":117,"column":8},"end":{"line":117,"column":79}},"36":{"start":{"line":118,"column":8},"end":{"line":118,"column":79}},"37":{"start":{"line":128,"column":8},"end":{"line":128,"column":5154}},"38":{"start":{"line":137,"column":8},"end":{"line":137,"column":58}},"39":{"start":{"line":138,"column":8},"end":{"line":138,"column":38}},"40":{"start":{"line":139,"column":8},"end":{"line":139,"column":52}},"41":{"start":{"line":151,"column":8},"end":{"line":151,"column":72}},"42":{"start":{"line":152,"column":8},"end":{"line":152,"column":54}},"43":{"start":{"line":153,"column":8},"end":{"line":153,"column":87}},"44":{"start":{"line":154,"column":8},"end":{"line":154,"column":108}},"45":{"start":{"line":165,"column":8},"end":{"line":165,"column":69}},"46":{"start":{"line":166,"column":8},"end":{"line":166,"column":54}},"47":{"start":{"line":167,"column":8},"end":{"line":167,"column":87}},"48":{"start":{"line":168,"column":8},"end":{"line":168,"column":114}},"49":{"start":{"line":180,"column":8},"end":{"line":180,"column":7223}},"50":{"start":{"line":189,"column":8},"end":{"line":189,"column":85}},"51":{"start":{"line":190,"column":8},"end":{"line":190,"column":38}},"52":{"start":{"line":191,"column":8},"end":{"line":191,"column":52}},"53":{"start":{"line":202,"column":8},"end":{"line":202,"column":69}},"54":{"start":{"line":203,"column":8},"end":{"line":203,"column":54}},"55":{"start":{"line":204,"column":8},"end":{"line":204,"column":87}},"56":{"start":{"line":205,"column":8},"end":{"line":205,"column":8176}},"57":{"start":{"line":213,"column":8},"end":{"line":213,"column":8534}},"58":{"start":{"line":214,"column":12},"end":{"line":214,"column":68}},"59":{"start":{"line":215,"column":12},"end":{"line":215,"column":74}},"60":{"start":{"line":216,"column":12},"end":{"line":216,"column":43}},"61":{"start":{"line":217,"column":12},"end":{"line":217,"column":110}},"62":{"start":{"line":218,"column":12},"end":{"line":218,"column":107}},"63":{"start":{"line":219,"column":12},"end":{"line":219,"column":9003}},"64":{"start":{"line":231,"column":8},"end":{"line":231,"column":72}},"65":{"start":{"line":232,"column":8},"end":{"line":232,"column":106}},"66":{"start":{"line":233,"column":8},"end":{"line":233,"column":9597}},"67":{"start":{"line":236,"column":8},"end":{"line":236,"column":31}},"68":{"start":{"line":245,"column":8},"end":{"line":245,"column":72}},"69":{"start":{"line":246,"column":8},"end":{"line":246,"column":84}},"70":{"start":{"line":247,"column":8},"end":{"line":247,"column":10195}},"71":{"start":{"line":250,"column":8},"end":{"line":250,"column":31}},"72":{"start":{"line":260,"column":8},"end":{"line":260,"column":64}},"73":{"start":{"line":261,"column":8},"end":{"line":261,"column":73}},"74":{"start":{"line":262,"column":8},"end":{"line":262,"column":106}},"75":{"start":{"line":263,"column":8},"end":{"line":263,"column":47}},"76":{"start":{"line":264,"column":8},"end":{"line":264,"column":100}},"77":{"start":{"line":265,"column":8},"end":{"line":265,"column":31}},"78":{"start":{"line":274,"column":8},"end":{"line":274,"column":78}},"79":{"start":{"line":275,"column":8},"end":{"line":275,"column":72}},"80":{"start":{"line":276,"column":8},"end":{"line":276,"column":84}},"81":{"start":{"line":277,"column":8},"end":{"line":277,"column":11557}},"82":{"start":{"line":280,"column":8},"end":{"line":280,"column":42}},"83":{"start":{"line":281,"column":8},"end":{"line":281,"column":56}},"84":{"start":{"line":282,"column":8},"end":{"line":282,"column":70}},"85":{"start":{"line":291,"column":8},"end":{"line":291,"column":78}},"86":{"start":{"line":292,"column":8},"end":{"line":292,"column":72}},"87":{"start":{"line":293,"column":8},"end":{"line":293,"column":106}},"88":{"start":{"line":294,"column":8},"end":{"line":294,"column":12396}},"89":{"start":{"line":297,"column":8},"end":{"line":297,"column":42}},"90":{"start":{"line":298,"column":8},"end":{"line":298,"column":56}},"91":{"start":{"line":299,"column":8},"end":{"line":299,"column":70}},"92":{"start":{"line":309,"column":8},"end":{"line":309,"column":64}},"93":{"start":{"line":310,"column":8},"end":{"line":310,"column":72}},"94":{"start":{"line":311,"column":8},"end":{"line":311,"column":82}},"95":{"start":{"line":312,"column":8},"end":{"line":312,"column":47}},"96":{"start":{"line":313,"column":8},"end":{"line":313,"column":100}},"97":{"start":{"line":314,"column":8},"end":{"line":314,"column":31}},"98":{"start":{"line":316,"column":8},"end":{"line":316,"column":102}},"99":{"start":{"line":316,"column":36},"end":{"line":316,"column":101}},"100":{"start":{"line":322,"column":8},"end":{"line":322,"column":13768}},"101":{"start":{"line":323,"column":12},"end":{"line":323,"column":68}},"102":{"start":{"line":324,"column":12},"end":{"line":324,"column":74}},"103":{"start":{"line":325,"column":12},"end":{"line":325,"column":98}},"104":{"start":{"line":326,"column":12},"end":{"line":326,"column":28}},"105":{"start":{"line":327,"column":12},"end":{"line":327,"column":29}},"106":{"start":{"line":329,"column":12},"end":{"line":329,"column":64}},"107":{"start":{"line":330,"column":12},"end":{"line":330,"column":115}},"108":{"start":{"line":331,"column":12},"end":{"line":331,"column":81}},"109":{"start":{"line":332,"column":12},"end":{"line":332,"column":97}},"110":{"start":{"line":334,"column":12},"end":{"line":334,"column":116}},"111":{"start":{"line":335,"column":12},"end":{"line":335,"column":107}},"112":{"start":{"line":336,"column":12},"end":{"line":336,"column":62}},"113":{"start":{"line":346,"column":8},"end":{"line":346,"column":15111}},"114":{"start":{"line":349,"column":8},"end":{"line":349,"column":72}},"115":{"start":{"line":350,"column":8},"end":{"line":350,"column":51}},"116":{"start":{"line":351,"column":8},"end":{"line":351,"column":15386}},"117":{"start":{"line":368,"column":8},"end":{"line":368,"column":64}},"118":{"start":{"line":369,"column":8},"end":{"line":369,"column":33}},"119":{"start":{"line":370,"column":8},"end":{"line":370,"column":45}},"120":{"start":{"line":371,"column":8},"end":{"line":371,"column":98}},"121":{"start":{"line":372,"column":8},"end":{"line":372,"column":72}},"122":{"start":{"line":373,"column":8},"end":{"line":373,"column":51}},"123":{"start":{"line":374,"column":8},"end":{"line":374,"column":16219}},"124":{"start":{"line":391,"column":8},"end":{"line":391,"column":78}},"125":{"start":{"line":392,"column":8},"end":{"line":392,"column":16761}},"126":{"start":{"line":395,"column":8},"end":{"line":395,"column":62}},"127":{"start":{"line":396,"column":8},"end":{"line":396,"column":62}},"128":{"start":{"line":397,"column":8},"end":{"line":397,"column":88}},"129":{"start":{"line":398,"column":8},"end":{"line":398,"column":38}},"130":{"start":{"line":399,"column":8},"end":{"line":399,"column":52}},"131":{"start":{"line":404,"column":8},"end":{"line":404,"column":66}},"132":{"start":{"line":414,"column":8},"end":{"line":414,"column":77}},"133":{"start":{"line":424,"column":8},"end":{"line":424,"column":77}},"134":{"start":{"line":434,"column":8},"end":{"line":434,"column":70}},"135":{"start":{"line":444,"column":8},"end":{"line":444,"column":70}}},"branchMap":{"1":{"line":19,"type":"if","locations":[{"start":{"line":19,"column":8},"end":{"line":19,"column":8}},{"start":{"line":19,"column":8},"end":{"line":19,"column":8}}]},"2":{"line":42,"type":"if","locations":[{"start":{"line":42,"column":8},"end":{"line":42,"column":8}},{"start":{"line":42,"column":8},"end":{"line":42,"column":8}}]},"3":{"line":46,"type":"if","locations":[{"start":{"line":46,"column":8},"end":{"line":46,"column":8}},{"start":{"line":46,"column":8},"end":{"line":46,"column":8}}]},"4":{"line":50,"type":"if","locations":[{"start":{"line":50,"column":12},"end":{"line":50,"column":12}},{"start":{"line":50,"column":12},"end":{"line":50,"column":12}}]},"5":{"line":51,"type":"if","locations":[{"start":{"line":51,"column":16},"end":{"line":51,"column":16}},{"start":{"line":51,"column":16},"end":{"line":51,"column":16}}]},"6":{"line":56,"type":"if","locations":[{"start":{"line":56,"column":16},"end":{"line":56,"column":16}},{"start":{"line":56,"column":16},"end":{"line":56,"column":16}}]},"7":{"line":99,"type":"if","locations":[{"start":{"line":99,"column":8},"end":{"line":99,"column":8}},{"start":{"line":99,"column":8},"end":{"line":99,"column":8}}]},"8":{"line":117,"type":"if","locations":[{"start":{"line":117,"column":8},"end":{"line":117,"column":8}},{"start":{"line":117,"column":8},"end":{"line":117,"column":8}}]},"9":{"line":118,"type":"if","locations":[{"start":{"line":118,"column":8},"end":{"line":118,"column":8}},{"start":{"line":118,"column":8},"end":{"line":118,"column":8}}]},"10":{"line":232,"type":"if","locations":[{"start":{"line":232,"column":8},"end":{"line":232,"column":8}},{"start":{"line":232,"column":8},"end":{"line":232,"column":8}}]},"11":{"line":246,"type":"if","locations":[{"start":{"line":246,"column":8},"end":{"line":246,"column":8}},{"start":{"line":246,"column":8},"end":{"line":246,"column":8}}]},"12":{"line":260,"type":"if","locations":[{"start":{"line":260,"column":8},"end":{"line":260,"column":8}},{"start":{"line":260,"column":8},"end":{"line":260,"column":8}}]},"13":{"line":262,"type":"if","locations":[{"start":{"line":262,"column":8},"end":{"line":262,"column":8}},{"start":{"line":262,"column":8},"end":{"line":262,"column":8}}]},"14":{"line":274,"type":"if","locations":[{"start":{"line":274,"column":8},"end":{"line":274,"column":8}},{"start":{"line":274,"column":8},"end":{"line":274,"column":8}}]},"15":{"line":276,"type":"if","locations":[{"start":{"line":276,"column":8},"end":{"line":276,"column":8}},{"start":{"line":276,"column":8},"end":{"line":276,"column":8}}]},"16":{"line":291,"type":"if","locations":[{"start":{"line":291,"column":8},"end":{"line":291,"column":8}},{"start":{"line":291,"column":8},"end":{"line":291,"column":8}}]},"17":{"line":293,"type":"if","locations":[{"start":{"line":293,"column":8},"end":{"line":293,"column":8}},{"start":{"line":293,"column":8},"end":{"line":293,"column":8}}]},"18":{"line":309,"type":"if","locations":[{"start":{"line":309,"column":8},"end":{"line":309,"column":8}},{"start":{"line":309,"column":8},"end":{"line":309,"column":8}}]},"19":{"line":311,"type":"if","locations":[{"start":{"line":311,"column":8},"end":{"line":311,"column":8}},{"start":{"line":311,"column":8},"end":{"line":311,"column":8}}]},"20":{"line":316,"type":"if","locations":[{"start":{"line":316,"column":8},"end":{"line":316,"column":8}},{"start":{"line":316,"column":8},"end":{"line":316,"column":8}}]},"21":{"line":351,"type":"if","locations":[{"start":{"line":351,"column":8},"end":{"line":351,"column":8}},{"start":{"line":351,"column":8},"end":{"line":351,"column":8}}]},"22":{"line":368,"type":"if","locations":[{"start":{"line":368,"column":8},"end":{"line":368,"column":8}},{"start":{"line":368,"column":8},"end":{"line":368,"column":8}}]},"23":{"line":374,"type":"if","locations":[{"start":{"line":374,"column":8},"end":{"line":374,"column":8}},{"start":{"line":374,"column":8},"end":{"line":374,"column":8}}]},"24":{"line":391,"type":"if","locations":[{"start":{"line":391,"column":8},"end":{"line":391,"column":8}},{"start":{"line":391,"column":8},"end":{"line":391,"column":8}}]},"25":{"line":397,"type":"if","locations":[{"start":{"line":397,"column":8},"end":{"line":397,"column":8}},{"start":{"line":397,"column":8},"end":{"line":397,"column":8}}]}}}}