TN:
SF:/home/prexis/Development/dexbr-contracts/periphery/contracts/examples/ExampleComputeLiquidityValue.sol
FN:10,constructor
FN:15,getReservesAfterArbitrage
FN:31,getLiquidityValue
FN:48,getLiquidityValueAfterArbitrageToPrice
FN:69,getGasCostOfGetLiquidityValueAfterArbitrageToPrice
FNF:5
FNH:0
FNDA:0,constructor
FNDA:0,getReservesAfterArbitrage
FNDA:0,getLiquidityValue
FNDA:0,getLiquidityValueAfterArbitrageToPrice
FNDA:0,getGasCostOfGetLiquidityValueAfterArbitrageToPrice
DA:11,0
DA:21,0
DA:39,0
DA:58,0
DA:78,0
DA:79,0
DA:87,0
DA:88,0
LF:8
LH:0
BRF:0
BRH:0
end_of_record
TN:
SF:/home/prexis/Development/dexbr-contracts/periphery/contracts/examples/ExampleFlashSwap.sol
FN:17,constructor
FN:28,uniswapV2Call
FNF:2
FNH:0
FNDA:0,constructor
FNDA:0,uniswapV2Call
DA:18,0
DA:19,0
DA:20,0
DA:29,0
DA:30,0
DA:31,0
DA:32,0
DA:33,0
DA:34,0
DA:35,0
DA:36,0
DA:37,0
DA:38,0
DA:39,0
DA:40,0
DA:43,0
DA:44,0
DA:45,0
DA:47,0
DA:48,0
DA:49,0
DA:50,0
DA:51,0
DA:52,0
DA:53,0
DA:54,0
DA:55,0
DA:56,0
DA:58,0
DA:59,0
DA:60,0
DA:61,0
DA:62,0
DA:63,0
DA:64,0
LF:35
LH:0
BRDA:47,1,0,0
BRDA:47,1,1,0
BRF:2
BRH:0
end_of_record
TN:
SF:/home/prexis/Development/dexbr-contracts/periphery/contracts/examples/ExampleOracleSimple.sol
FN:27,constructor
FN:40,update
FN:59,consult
FNF:3
FNH:0
FNDA:0,constructor
FNDA:0,update
FNDA:0,consult
DA:28,0
DA:29,0
DA:30,0
DA:31,0
DA:32,0
DA:33,0
DA:34,0
DA:35,0
DA:36,0
DA:37,0
DA:41,0
DA:43,0
DA:46,0
DA:50,0
DA:51,0
DA:53,0
DA:54,0
DA:55,0
DA:60,0
DA:61,0
DA:63,0
DA:64,0
LF:22
LH:0
BRDA:37,1,0,0
BRDA:37,1,1,0
BRDA:46,2,0,0
BRDA:46,2,1,0
BRDA:60,3,0,0
BRDA:60,3,1,0
BRDA:63,4,0,0
BRDA:63,4,1,0
BRF:8
BRH:0
end_of_record
TN:
SF:/home/prexis/Development/dexbr-contracts/periphery/contracts/examples/ExampleSlidingWindowOracle.sol
FN:42,constructor
FN:54,observationIndexOf
FN:60,getFirstObservationInWindow
FN:69,update
FN:93,computeAmountOut
FN:107,consult
FNF:6
FNH:0
FNDA:0,constructor
FNDA:0,observationIndexOf
FNDA:0,getFirstObservationInWindow
FNDA:0,update
FNDA:0,computeAmountOut
FNDA:0,consult
DA:43,0
DA:44,0
DA:48,0
DA:49,0
DA:50,0
DA:55,0
DA:56,0
DA:61,0
DA:63,0
DA:64,0
DA:70,0
DA:73,0
DA:74,0
DA:78,0
DA:79,0
DA:82,0
DA:83,0
DA:84,0
DA:85,0
DA:86,0
DA:87,0
DA:98,0
DA:101,0
DA:108,0
DA:109,0
DA:111,0
DA:112,0
DA:114,0
DA:116,0
DA:117,0
DA:119,0
DA:120,0
DA:122,0
LF:33
LH:0
BRDA:43,1,0,0
BRDA:43,1,1,0
BRDA:44,2,0,0
BRDA:44,2,1,0
BRDA:83,3,0,0
BRDA:83,3,1,0
BRDA:112,4,0,0
BRDA:112,4,1,0
BRDA:114,5,0,0
BRDA:114,5,1,0
BRDA:119,6,0,0
BRDA:119,6,1,0
BRF:12
BRH:0
end_of_record
TN:
SF:/home/prexis/Development/dexbr-contracts/periphery/contracts/examples/ExampleSwapToPrice.sol
FN:19,constructor
FN:27,swapToPrice
FNF:2
FNH:0
FNDA:0,constructor
FNDA:0,swapToPrice
DA:20,0
DA:21,0
DA:38,0
DA:40,0
DA:42,0
DA:43,0
DA:44,0
DA:45,0
DA:46,0
DA:52,0
DA:55,0
DA:56,0
DA:57,0
DA:60,0
DA:61,0
DA:62,0
DA:63,0
DA:65,0
DA:66,0
DA:67,0
DA:69,0
LF:21
LH:0
BRDA:38,1,0,0
BRDA:38,1,1,0
BRDA:40,2,0,0
BRDA:40,2,1,0
BRDA:52,3,0,0
BRDA:52,3,1,0
BRDA:56,4,0,0
BRDA:56,4,1,0
BRF:8
BRH:0
end_of_record
TN:
SF:/home/prexis/Development/dexbr-contracts/periphery/contracts/interfaces/IERC20.sol
FNF:0
FNH:0
LF:0
LH:0
BRF:0
BRH:0
end_of_record
TN:
SF:/home/prexis/Development/dexbr-contracts/periphery/contracts/interfaces/IUniswapV2Migrator.sol
FNF:0
FNH:0
LF:0
LH:0
BRF:0
BRH:0
end_of_record
TN:
SF:/home/prexis/Development/dexbr-contracts/periphery/contracts/interfaces/IUniswapV2Router01.sol
FNF:0
FNH:0
LF:0
LH:0
BRF:0
BRH:0
end_of_record
TN:
SF:/home/prexis/Development/dexbr-contracts/periphery/contracts/interfaces/IUniswapV2Router02.sol
FNF:0
FNH:0
LF:0
LH:0
BRF:0
BRH:0
end_of_record
TN:
SF:/home/prexis/Development/dexbr-contracts/periphery/contracts/interfaces/IWETH.sol
FNF:0
FNH:0
LF:0
LH:0
BRF:0
BRH:0
end_of_record
TN:
SF:/home/prexis/Development/dexbr-contracts/periphery/contracts/interfaces/V1/IUniswapV1Exchange.sol
FNF:0
FNH:0
LF:0
LH:0
BRF:0
BRH:0
end_of_record
TN:
SF:/home/prexis/Development/dexbr-contracts/periphery/contracts/interfaces/V1/IUniswapV1Factory.sol
FNF:0
FNH:0
LF:0
LH:0
BRF:0
BRH:0
end_of_record
TN:
SF:/home/prexis/Development/dexbr-contracts/periphery/contracts/libraries/SafeMath.sol
FN:6,add
FN:10,sub
FN:14,mul
FNF:3
FNH:3
FNDA:46,add
FNDA:16,sub
FNDA:7,mul
DA:7,46
DA:11,16
DA:15,7
LF:3
LH:3
BRDA:7,1,0,46
BRDA:7,1,1,0
BRDA:11,2,0,16
BRDA:11,2,1,0
BRDA:15,3,0,7
BRDA:15,3,1,0
BRF:6
BRH:3
end_of_record
TN:
SF:/home/prexis/Development/dexbr-contracts/periphery/contracts/libraries/UniswapV2Library.sol
FN:11,sortTokens
FN:18,pairFor
FN:29,getReserves
FN:36,quote
FN:43,getAmountOut
FN:53,getAmountIn
FN:62,getAmountsOut
FN:73,getAmountsIn
FNF:8
FNH:4
FNDA:29,sortTokens
FNDA:18,pairFor
FNDA:8,getReserves
FNDA:7,quote
FNDA:0,getAmountOut
FNDA:0,getAmountIn
FNDA:0,getAmountsOut
FNDA:0,getAmountsIn
DA:12,29
DA:13,29
DA:14,29
DA:19,18
DA:20,18
DA:30,8
DA:31,8
DA:32,8
DA:37,7
DA:38,7
DA:39,7
DA:44,0
DA:45,0
DA:46,0
DA:47,0
DA:48,0
DA:49,0
DA:54,0
DA:55,0
DA:56,0
DA:57,0
DA:58,0
DA:63,0
DA:64,0
DA:65,0
DA:66,0
DA:67,0
DA:68,0
DA:74,0
DA:75,0
DA:76,0
DA:77,0
DA:78,0
DA:79,0
LF:34
LH:11
BRDA:12,1,0,29
BRDA:12,1,1,0
BRDA:14,2,0,29
BRDA:14,2,1,0
BRDA:37,3,0,7
BRDA:37,3,1,0
BRDA:38,4,0,7
BRDA:38,4,1,0
BRDA:44,5,0,0
BRDA:44,5,1,0
BRDA:45,6,0,0
BRDA:45,6,1,0
BRDA:54,7,0,0
BRDA:54,7,1,0
BRDA:55,8,0,0
BRDA:55,8,1,0
BRDA:63,9,0,0
BRDA:63,9,1,0
BRDA:74,10,0,0
BRDA:74,10,1,0
BRF:20
BRH:4
end_of_record
TN:
SF:/home/prexis/Development/dexbr-contracts/periphery/contracts/libraries/UniswapV2LiquidityMathLibrary.sol
FN:17,computeProfitMaximizingTrade
FN:43,getReservesAfterArbitrage
FN:75,computeLiquidityValue
FN:100,getLiquidityValue
FN:116,getLiquidityValueAfterArbitrageToPrice
FNF:5
FNH:0
FNDA:0,computeProfitMaximizingTrade
FNDA:0,getReservesAfterArbitrage
FNDA:0,computeLiquidityValue
FNDA:0,getLiquidityValue
FNDA:0,getLiquidityValueAfterArbitrageToPrice
DA:23,0
DA:25,0
DA:27,0
DA:34,0
DA:36,0
DA:39,0
DA:51,0
DA:53,0
DA:56,0
DA:58,0
DA:59,0
DA:63,0
DA:64,0
DA:65,0
DA:66,0
DA:68,0
DA:69,0
DA:70,0
DA:83,0
DA:84,0
DA:85,0
DA:86,0
DA:87,0
DA:88,0
DA:89,0
DA:90,0
DA:91,0
DA:94,0
DA:106,0
DA:107,0
DA:108,0
DA:109,0
DA:110,0
DA:111,0
DA:127,0
DA:128,0
DA:129,0
DA:130,0
DA:133,0
DA:135,0
DA:137,0
LF:41
LH:0
BRDA:36,1,0,0
BRDA:36,1,1,0
BRDA:53,2,0,0
BRDA:53,2,1,0
BRDA:58,3,0,0
BRDA:58,3,1,0
BRDA:63,4,0,0
BRDA:63,4,1,0
BRDA:83,5,0,0
BRDA:83,5,1,0
BRDA:86,6,0,0
BRDA:86,6,1,0
BRDA:133,7,0,0
BRDA:133,7,1,0
BRF:14
BRH:0
end_of_record
TN:
SF:/home/prexis/Development/dexbr-contracts/periphery/contracts/libraries/UniswapV2OracleLibrary.sol
FN:11,currentBlockTimestamp
FN:16,currentCumulativePrices
FNF:2
FNH:0
FNDA:0,currentBlockTimestamp
FNDA:0,currentCumulativePrices
DA:12,0
DA:19,0
DA:20,0
DA:21,0
DA:24,0
DA:25,0
DA:27,0
DA:30,0
DA:32,0
LF:9
LH:0
BRDA:25,1,0,0
BRDA:25,1,1,0
BRF:2
BRH:0
end_of_record
TN:
SF:/home/prexis/Development/dexbr-contracts/periphery/contracts/test/DeflatingERC20.sol
FN:23,constructor
FN:40,_mint
FN:46,_burn
FN:52,_approve
FN:57,_transfer
FN:66,approve
FN:71,transfer
FN:76,transferFrom
FN:84,permit
FNF:9
FNH:0
FNDA:0,constructor
FNDA:0,_mint
FNDA:0,_burn
FNDA:0,_approve
FNDA:0,_transfer
FNDA:0,approve
FNDA:0,transfer
FNDA:0,transferFrom
FNDA:0,permit
DA:24,0
DA:25,0
DA:28,0
DA:37,0
DA:41,0
DA:42,0
DA:43,0
DA:47,0
DA:48,0
DA:49,0
DA:53,0
DA:54,0
DA:58,0
DA:59,0
DA:60,0
DA:61,0
DA:62,0
DA:63,0
DA:67,0
DA:68,0
DA:72,0
DA:73,0
DA:77,0
DA:78,0
DA:80,0
DA:81,0
DA:85,0
DA:86,0
DA:93,0
DA:94,0
DA:95,0
LF:31
LH:0
BRDA:77,1,0,0
BRDA:77,1,1,0
BRDA:85,2,0,0
BRDA:85,2,1,0
BRDA:94,3,0,0
BRDA:94,3,1,0
BRF:6
BRH:0
end_of_record
TN:
SF:/home/prexis/Development/dexbr-contracts/periphery/contracts/test/ERC20.sol
FN:23,constructor
FN:40,_mint
FN:46,_burn
FN:52,_approve
FN:57,_transfer
FN:63,approve
FN:68,transfer
FN:73,transferFrom
FN:81,permit
FNF:9
FNH:7
FNDA:15,constructor
FNDA:15,_mint
FNDA:0,_burn
FNDA:6,_approve
FNDA:16,_transfer
FNDA:6,approve
FNDA:6,transfer
FNDA:10,transferFrom
FNDA:0,permit
DA:24,15
DA:25,15
DA:28,15
DA:37,15
DA:41,15
DA:42,15
DA:43,15
DA:47,0
DA:48,0
DA:49,0
DA:53,6
DA:54,6
DA:58,16
DA:59,16
DA:60,16
DA:64,6
DA:65,6
DA:69,6
DA:70,6
DA:74,10
DA:75,0
DA:77,10
DA:78,10
DA:82,0
DA:83,0
DA:90,0
DA:91,0
DA:92,0
LF:28
LH:19
BRDA:74,1,0,0
BRDA:74,1,1,10
BRDA:82,2,0,0
BRDA:82,2,1,0
BRDA:91,3,0,0
BRDA:91,3,1,0
BRF:6
BRH:1
end_of_record
TN:
SF:/home/prexis/Development/dexbr-contracts/periphery/contracts/test/RouterEventEmitter.sol
FN:10,swapExactTokensForTokens
FN:25,swapTokensForExactTokens
FN:40,swapExactETHForTokens
FN:54,swapTokensForExactETH
FN:69,swapExactTokensForETH
FN:84,swapETHForExactTokens
FNF:6
FNH:0
FNDA:0,swapExactTokensForTokens
FNDA:0,swapTokensForExactTokens
FNDA:0,swapExactETHForTokens
FNDA:0,swapTokensForExactETH
FNDA:0,swapExactTokensForETH
FNDA:0,swapETHForExactTokens
DA:18,0
DA:21,0
DA:22,0
DA:33,0
DA:36,0
DA:37,0
DA:47,0
DA:50,0
DA:51,0
DA:62,0
DA:65,0
DA:66,0
DA:77,0
DA:80,0
DA:81,0
DA:91,0
DA:94,0
DA:95,0
LF:18
LH:0
BRF:0
BRH:0
end_of_record
TN:
SF:/home/prexis/Development/dexbr-contracts/periphery/contracts/test/WETH9.sol
FN:34,deposit
FN:38,withdraw
FN:45,totalSupply
FN:49,approve
FN:55,transfer
FN:59,transferFrom
FNF:6
FNH:5
FNDA:2,deposit
FNDA:1,withdraw
FNDA:0,totalSupply
FNDA:2,approve
FNDA:3,transfer
FNDA:3,transferFrom
DA:35,2
DA:36,2
DA:39,1
DA:40,1
DA:41,1
DA:42,1
DA:46,0
DA:50,2
DA:51,2
DA:52,2
DA:56,3
DA:63,3
DA:65,3
DA:66,0
DA:67,0
DA:70,3
DA:71,3
DA:73,3
DA:75,3
LF:19
LH:16
BRDA:39,1,0,1
BRDA:39,1,1,0
BRDA:63,2,0,3
BRDA:63,2,1,0
BRDA:65,3,0,0
BRDA:65,3,1,3
BRDA:66,4,0,0
BRDA:66,4,1,0
BRF:8
BRH:3
end_of_record
TN:
SF:/home/prexis/Development/dexbr-contracts/periphery/contracts/UniswapV2Migrator.sol
FN:15,constructor
FN:24,migrate
FNF:2
FNH:0
FNDA:0,constructor
FNDA:0,migrate
DA:16,0
DA:17,0
DA:28,0
DA:29,0
DA:30,0
DA:31,0
DA:32,0
DA:33,0
DA:41,0
DA:42,0
DA:43,0
DA:46,0
LF:12
LH:0
BRDA:30,1,0,0
BRDA:30,1,1,0
BRDA:41,2,0,0
BRDA:41,2,1,0
BRDA:44,3,0,0
BRDA:44,3,1,0
BRF:6
BRH:0
end_of_record
TN:
SF:/home/prexis/Development/dexbr-contracts/periphery/contracts/UniswapV2Router01.sol
FN:15,ensure
FN:20,constructor
FN:30,_addLiquidity
FN:67,addLiquidity
FN:81,addLiquidityETH
FN:107,removeLiquidity
FN:123,removeLiquidityETH
FN:137,removeLiquidityWithPermit
FN:152,removeLiquidityETHWithPermit
FN:169,_swap
FN:185,swapExactTokensForTokens
FN:197,swapTokensForExactTokens
FN:207,swapExactETHForTokens
FN:220,swapTokensForExactETH
FN:234,swapExactTokensForETH
FN:249,swapETHForExactTokens
FN:261,quote
FN:265,getAmountOut
FN:269,getAmountIn
FN:273,getAmountsOut
FN:277,getAmountsIn
FNF:21
FNH:1
FNDA:0,ensure
FNDA:3,constructor
FNDA:0,_addLiquidity
FNDA:0,addLiquidity
FNDA:0,addLiquidityETH
FNDA:0,removeLiquidity
FNDA:0,removeLiquidityETH
FNDA:0,removeLiquidityWithPermit
FNDA:0,removeLiquidityETHWithPermit
FNDA:0,_swap
FNDA:0,swapExactTokensForTokens
FNDA:0,swapTokensForExactTokens
FNDA:0,swapExactETHForTokens
FNDA:0,swapTokensForExactETH
FNDA:0,swapExactTokensForETH
FNDA:0,swapETHForExactTokens
FNDA:0,quote
FNDA:0,getAmountOut
FNDA:0,getAmountIn
FNDA:0,getAmountsOut
FNDA:0,getAmountsIn
DA:16,0
DA:17,0
DA:21,3
DA:22,3
DA:26,0
DA:39,0
DA:40,0
DA:42,0
DA:43,0
DA:44,0
DA:46,0
DA:47,0
DA:48,0
DA:49,0
DA:51,0
DA:52,0
DA:53,0
DA:54,0
DA:68,0
DA:69,0
DA:70,0
DA:71,0
DA:72,0
DA:82,0
DA:90,0
DA:91,0
DA:92,0
DA:93,0
DA:94,0
DA:95,0
DA:108,0
DA:109,0
DA:110,0
DA:111,0
DA:112,0
DA:113,0
DA:114,0
DA:124,0
DA:133,0
DA:134,0
DA:135,0
DA:147,0
DA:148,0
DA:149,0
DA:150,0
DA:161,0
DA:162,0
DA:163,0
DA:164,0
DA:170,0
DA:171,0
DA:172,0
DA:173,0
DA:174,0
DA:175,0
DA:176,0
DA:186,0
DA:187,0
DA:188,0
DA:189,0
DA:198,0
DA:199,0
DA:200,0
DA:201,0
DA:210,0
DA:211,0
DA:212,0
DA:213,0
DA:214,0
DA:215,0
DA:223,0
DA:224,0
DA:225,0
DA:226,0
DA:227,0
DA:228,0
DA:229,0
DA:237,0
DA:238,0
DA:239,0
DA:240,0
DA:241,0
DA:242,0
DA:243,0
DA:252,0
DA:253,0
DA:254,0
DA:255,0
DA:256,0
DA:257,0
DA:258,0
DA:262,0
DA:266,0
DA:270,0
DA:274,0
DA:278,0
LF:96
LH:2
BRDA:16,1,0,0
BRDA:16,1,1,0
BRDA:39,2,0,0
BRDA:39,2,1,0
BRDA:43,3,0,0
BRDA:43,3,1,0
BRDA:47,4,0,0
BRDA:47,4,1,0
BRDA:48,5,0,0
BRDA:48,5,1,0
BRDA:53,6,0,0
BRDA:53,6,1,0
BRDA:95,7,0,0
BRDA:95,7,1,0
BRDA:113,8,0,0
BRDA:113,8,1,0
BRDA:114,9,0,0
BRDA:114,9,1,0
BRDA:187,10,0,0
BRDA:187,10,1,0
BRDA:199,11,0,0
BRDA:199,11,1,0
BRDA:210,12,0,0
BRDA:210,12,1,0
BRDA:212,13,0,0
BRDA:212,13,1,0
BRDA:223,14,0,0
BRDA:223,14,1,0
BRDA:225,15,0,0
BRDA:225,15,1,0
BRDA:237,16,0,0
BRDA:237,16,1,0
BRDA:239,17,0,0
BRDA:239,17,1,0
BRDA:252,18,0,0
BRDA:252,18,1,0
BRDA:254,19,0,0
BRDA:254,19,1,0
BRDA:258,20,0,0
BRDA:258,20,1,0
BRF:40
BRH:0
end_of_record
TN:
SF:/home/prexis/Development/dexbr-contracts/periphery/contracts/UniswapV2Router02.sol
FN:18,ensure
FN:23,constructor
FN:33,_addLiquidity
FN:70,addLiquidity
FN:84,addLiquidityETH
FN:111,removeLiquidity
FN:127,removeLiquidityETH
FN:141,removeLiquidityWithPermit
FN:156,removeLiquidityETHWithPermit
FN:179,removeLiquidityETHSupportingFeeOnTransferTokens
FN:193,removeLiquidityETHWithPermitSupportingFeeOnTransferTokens
FN:212,_swap
FN:230,swapExactTokensForTokens
FN:244,swapTokensForExactTokens
FN:257,swapExactETHForTokens
FN:271,swapTokensForExactETH
FN:288,swapExactTokensForETH
FN:306,swapETHForExactTokens
FN:321,_swapSupportingFeeOnTransferTokens
FN:345,swapExactTokensForTokensSupportingFeeOnTransferTokens
FN:366,swapExactETHForTokensSupportingFeeOnTransferTokens
FN:389,swapExactTokensForETHSupportingFeeOnTransferTokens
FN:403,quote
FN:407,getAmountOut
FN:417,getAmountIn
FN:427,getAmountsOut
FN:437,getAmountsIn
FNF:27
FNH:8
FNDA:12,ensure
FNDA:3,constructor
FNDA:8,_addLiquidity
FNDA:6,addLiquidity
FNDA:2,addLiquidityETH
FNDA:3,removeLiquidity
FNDA:1,removeLiquidityETH
FNDA:1,removeLiquidityWithPermit
FNDA:0,removeLiquidityETHWithPermit
FNDA:0,removeLiquidityETHSupportingFeeOnTransferTokens
FNDA:0,removeLiquidityETHWithPermitSupportingFeeOnTransferTokens
FNDA:0,_swap
FNDA:0,swapExactTokensForTokens
FNDA:0,swapTokensForExactTokens
FNDA:0,swapExactETHForTokens
FNDA:0,swapTokensForExactETH
FNDA:0,swapExactTokensForETH
FNDA:0,swapETHForExactTokens
FNDA:0,_swapSupportingFeeOnTransferTokens
FNDA:0,swapExactTokensForTokensSupportingFeeOnTransferTokens
FNDA:0,swapExactETHForTokensSupportingFeeOnTransferTokens
FNDA:0,swapExactTokensForETHSupportingFeeOnTransferTokens
FNDA:0,quote
FNDA:0,getAmountOut
FNDA:0,getAmountIn
FNDA:0,getAmountsOut
FNDA:0,getAmountsIn
DA:19,12
DA:20,12
DA:24,3
DA:25,3
DA:29,1
DA:42,8
DA:43,2
DA:45,8
DA:46,8
DA:47,3
DA:49,5
DA:50,5
DA:51,3
DA:52,2
DA:54,2
DA:55,2
DA:56,2
DA:57,1
DA:71,6
DA:72,4
DA:73,4
DA:74,4
DA:75,4
DA:85,2
DA:93,2
DA:94,2
DA:95,2
DA:96,2
DA:97,2
DA:99,2
DA:112,3
DA:113,3
DA:114,3
DA:115,3
DA:116,3
DA:117,3
DA:118,3
DA:128,1
DA:137,1
DA:138,1
DA:139,1
DA:151,1
DA:152,1
DA:153,1
DA:154,1
DA:165,0
DA:166,0
DA:167,0
DA:168,0
DA:180,0
DA:189,0
DA:190,0
DA:191,0
DA:202,0
DA:203,0
DA:204,0
DA:205,0
DA:213,0
DA:214,0
DA:215,0
DA:216,0
DA:217,0
DA:218,0
DA:219,0
DA:231,0
DA:232,0
DA:233,0
DA:236,0
DA:245,0
DA:246,0
DA:247,0
DA:250,0
DA:260,0
DA:261,0
DA:262,0
DA:263,0
DA:264,0
DA:265,0
DA:274,0
DA:275,0
DA:276,0
DA:277,0
DA:280,0
DA:281,0
DA:282,0
DA:291,0
DA:292,0
DA:293,0
DA:294,0
DA:297,0
DA:298,0
DA:299,0
DA:309,0
DA:310,0
DA:311,0
DA:312,0
DA:313,0
DA:314,0
DA:316,0
DA:322,0
DA:323,0
DA:324,0
DA:325,0
DA:326,0
DA:327,0
DA:328,0
DA:329,0
DA:330,0
DA:331,0
DA:332,0
DA:334,0
DA:335,0
DA:336,0
DA:346,0
DA:349,0
DA:350,0
DA:351,0
DA:368,0
DA:369,0
DA:370,0
DA:371,0
DA:372,0
DA:373,0
DA:374,0
DA:391,0
DA:392,0
DA:395,0
DA:396,0
DA:397,0
DA:398,0
DA:399,0
DA:404,0
DA:414,0
DA:424,0
DA:434,0
DA:444,0
LF:136
LH:45
BRDA:19,1,0,12
BRDA:19,1,1,0
BRDA:42,2,0,2
BRDA:42,2,1,6
BRDA:46,3,0,3
BRDA:46,3,1,5
BRDA:50,4,0,3
BRDA:50,4,1,2
BRDA:51,5,0,2
BRDA:51,5,1,1
BRDA:56,6,0,1
BRDA:56,6,1,1
BRDA:99,7,0,1
BRDA:99,7,1,1
BRDA:117,8,0,3
BRDA:117,8,1,0
BRDA:118,9,0,3
BRDA:118,9,1,0
BRDA:232,10,0,0
BRDA:232,10,1,0
BRDA:246,11,0,0
BRDA:246,11,1,0
BRDA:260,12,0,0
BRDA:260,12,1,0
BRDA:262,13,0,0
BRDA:262,13,1,0
BRDA:274,14,0,0
BRDA:274,14,1,0
BRDA:276,15,0,0
BRDA:276,15,1,0
BRDA:291,16,0,0
BRDA:291,16,1,0
BRDA:293,17,0,0
BRDA:293,17,1,0
BRDA:309,18,0,0
BRDA:309,18,1,0
BRDA:311,19,0,0
BRDA:311,19,1,0
BRDA:316,20,0,0
BRDA:316,20,1,0
BRDA:351,21,0,0
BRDA:351,21,1,0
BRDA:368,22,0,0
BRDA:368,22,1,0
BRDA:374,23,0,0
BRDA:374,23,1,0
BRDA:391,24,0,0
BRDA:391,24,1,0
BRDA:397,25,0,0
BRDA:397,25,1,0
BRF:50
BRH:15
end_of_record
